{"/home/travis/build/npmtest/node-npmtest-dploy/test.js":{"path":"/home/travis/build/npmtest/node-npmtest-dploy/test.js","s":{"1":2,"2":2,"3":2,"4":2,"5":2,"6":2,"7":2,"8":1,"9":2,"10":2,"11":1,"12":1,"13":1,"14":1,"15":2,"16":2,"17":2,"18":2,"19":1,"20":1,"21":2,"22":2,"23":2,"24":1,"25":1,"26":1,"27":1,"28":1,"29":1,"30":1,"31":1,"32":1,"33":1,"34":1,"35":1,"36":1,"37":1,"38":1,"39":2,"40":2,"41":1,"42":2,"43":2,"44":1,"45":2,"46":2,"47":1,"48":2,"49":2,"50":1,"51":1,"52":1,"53":1,"54":1},"b":{"1":[2,1,1,1],"2":[1,1,1,1],"3":[1,1],"4":[1,1],"5":[1,1],"6":[1,1],"7":[1,1],"8":[1,1],"9":[1,1],"10":[1,1,1],"11":[1,1],"12":[1,1],"13":[1,1],"14":[1,1],"15":[1,1],"16":[1,1],"17":[1,1]},"f":{"1":2,"2":2,"3":2,"4":2,"5":2,"6":1,"7":1,"8":1,"9":2,"10":2,"11":2,"12":2,"13":1},"fnMap":{"1":{"name":"(anonymous_1)","line":12,"loc":{"start":{"line":12,"column":1},"end":{"line":12,"column":13}}},"2":{"name":"(anonymous_2)","line":19,"loc":{"start":{"line":19,"column":5},"end":{"line":19,"column":17}}},"3":{"name":"(anonymous_3)","line":23,"loc":{"start":{"line":23,"column":24},"end":{"line":23,"column":36}}},"4":{"name":"(anonymous_4)","line":61,"loc":{"start":{"line":61,"column":5},"end":{"line":61,"column":17}}},"5":{"name":"(anonymous_5)","line":82,"loc":{"start":{"line":82,"column":5},"end":{"line":82,"column":17}}},"6":{"name":"(anonymous_6)","line":91,"loc":{"start":{"line":91,"column":77},"end":{"line":94,"column":10}}},"7":{"name":"(anonymous_7)","line":112,"loc":{"start":{"line":112,"column":83},"end":{"line":115,"column":10}},"skip":true},"8":{"name":"(anonymous_8)","line":123,"loc":{"start":{"line":123,"column":77},"end":{"line":126,"column":10}},"skip":true},"9":{"name":"(anonymous_9)","line":139,"loc":{"start":{"line":139,"column":12},"end":{"line":139,"column":40}},"skip":true},"10":{"name":"(anonymous_10)","line":147,"loc":{"start":{"line":147,"column":77},"end":{"line":150,"column":10}},"skip":true},"11":{"name":"(anonymous_11)","line":158,"loc":{"start":{"line":158,"column":83},"end":{"line":161,"column":10}},"skip":true},"12":{"name":"(anonymous_12)","line":169,"loc":{"start":{"line":169,"column":79},"end":{"line":172,"column":10}},"skip":true},"13":{"name":"(anonymous_13)","line":180,"loc":{"start":{"line":180,"column":75},"end":{"line":183,"column":10}},"skip":true}},"statementMap":{"1":{"start":{"line":12,"column":0},"end":{"line":195,"column":5}},"2":{"start":{"line":14,"column":4},"end":{"line":14,"column":14}},"3":{"start":{"line":19,"column":4},"end":{"line":56,"column":9}},"4":{"start":{"line":21,"column":8},"end":{"line":21,"column":19}},"5":{"start":{"line":23,"column":8},"end":{"line":35,"column":13}},"6":{"start":{"line":24,"column":12},"end":{"line":34,"column":13}},"7":{"start":{"line":25,"column":16},"end":{"line":28,"column":30}},"8":{"start":{"line":30,"column":16},"end":{"line":33,"column":27}},"9":{"start":{"line":37,"column":8},"end":{"line":39,"column":21}},"10":{"start":{"line":40,"column":8},"end":{"line":53,"column":9}},"11":{"start":{"line":43,"column":12},"end":{"line":46,"column":14}},"12":{"start":{"line":47,"column":12},"end":{"line":47,"column":18}},"13":{"start":{"line":50,"column":12},"end":{"line":51,"column":33}},"14":{"start":{"line":52,"column":12},"end":{"line":52,"column":18}},"15":{"start":{"line":55,"column":8},"end":{"line":55,"column":35}},"16":{"start":{"line":61,"column":4},"end":{"line":63,"column":9}},"17":{"start":{"line":62,"column":8},"end":{"line":62,"column":15}},"18":{"start":{"line":64,"column":4},"end":{"line":77,"column":5}},"19":{"start":{"line":70,"column":8},"end":{"line":70,"column":14}},"20":{"start":{"line":76,"column":8},"end":{"line":76,"column":14}},"21":{"start":{"line":82,"column":4},"end":{"line":84,"column":9}},"22":{"start":{"line":83,"column":8},"end":{"line":83,"column":15}},"23":{"start":{"line":85,"column":4},"end":{"line":194,"column":5}},"24":{"start":{"line":91,"column":8},"end":{"line":99,"column":10}},"25":{"start":{"line":98,"column":12},"end":{"line":98,"column":35}},"26":{"start":{"line":102,"column":8},"end":{"line":104,"column":63}},"27":{"start":{"line":105,"column":8},"end":{"line":105,"column":14}},"28":{"start":{"line":112,"column":8},"end":{"line":121,"column":10},"skip":true},"29":{"start":{"line":119,"column":12},"end":{"line":119,"column":55},"skip":true},"30":{"start":{"line":120,"column":12},"end":{"line":120,"column":48},"skip":true},"31":{"start":{"line":123,"column":8},"end":{"line":136,"column":10},"skip":true},"32":{"start":{"line":130,"column":12},"end":{"line":130,"column":76},"skip":true},"33":{"start":{"line":131,"column":12},"end":{"line":131,"column":73},"skip":true},"34":{"start":{"line":132,"column":12},"end":{"line":132,"column":74},"skip":true},"35":{"start":{"line":133,"column":12},"end":{"line":133,"column":79},"skip":true},"36":{"start":{"line":134,"column":12},"end":{"line":134,"column":25},"skip":true},"37":{"start":{"line":135,"column":12},"end":{"line":135,"column":45},"skip":true},"38":{"start":{"line":138,"column":8},"end":{"line":145,"column":14},"skip":true},"39":{"start":{"line":143,"column":16},"end":{"line":143,"column":29},"skip":true},"40":{"start":{"line":144,"column":16},"end":{"line":144,"column":55},"skip":true},"41":{"start":{"line":147,"column":8},"end":{"line":156,"column":10},"skip":true},"42":{"start":{"line":154,"column":12},"end":{"line":154,"column":25},"skip":true},"43":{"start":{"line":155,"column":12},"end":{"line":155,"column":45},"skip":true},"44":{"start":{"line":158,"column":8},"end":{"line":167,"column":10},"skip":true},"45":{"start":{"line":165,"column":12},"end":{"line":165,"column":25},"skip":true},"46":{"start":{"line":166,"column":12},"end":{"line":166,"column":48},"skip":true},"47":{"start":{"line":169,"column":8},"end":{"line":178,"column":10},"skip":true},"48":{"start":{"line":176,"column":12},"end":{"line":176,"column":25},"skip":true},"49":{"start":{"line":177,"column":12},"end":{"line":177,"column":46},"skip":true},"50":{"start":{"line":180,"column":8},"end":{"line":189,"column":10},"skip":true},"51":{"start":{"line":187,"column":12},"end":{"line":187,"column":94},"skip":true},"52":{"start":{"line":188,"column":12},"end":{"line":188,"column":48},"skip":true},"53":{"start":{"line":192,"column":8},"end":{"line":192,"column":35},"skip":true},"54":{"start":{"line":193,"column":8},"end":{"line":193,"column":14},"skip":true}},"branchMap":{"1":{"line":25,"type":"binary-expr","locations":[{"start":{"line":25,"column":23},"end":{"line":25,"column":62}},{"start":{"line":26,"column":20},"end":{"line":26,"column":70}},{"start":{"line":27,"column":20},"end":{"line":27,"column":71}},{"start":{"line":28,"column":20},"end":{"line":28,"column":29}}]},"2":{"line":30,"type":"binary-expr","locations":[{"start":{"line":30,"column":23},"end":{"line":30,"column":37}},{"start":{"line":31,"column":20},"end":{"line":31,"column":61}},{"start":{"line":32,"column":20},"end":{"line":32,"column":70}},{"start":{"line":33,"column":20},"end":{"line":33,"column":26}}]},"3":{"line":37,"type":"cond-expr","locations":[{"start":{"line":38,"column":14},"end":{"line":38,"column":20}},{"start":{"line":39,"column":14},"end":{"line":39,"column":20}}]},"4":{"line":40,"type":"switch","locations":[{"start":{"line":42,"column":8},"end":{"line":47,"column":18}},{"start":{"line":49,"column":8},"end":{"line":52,"column":18}}]},"5":{"line":44,"type":"binary-expr","locations":[{"start":{"line":44,"column":16},"end":{"line":44,"column":44}},{"start":{"line":44,"column":48},"end":{"line":44,"column":66}}]},"6":{"line":50,"type":"binary-expr","locations":[{"start":{"line":50,"column":21},"end":{"line":50,"column":49}},{"start":{"line":50,"column":53},"end":{"line":50,"column":72}}]},"7":{"line":64,"type":"switch","locations":[{"start":{"line":69,"column":4},"end":{"line":70,"column":14}},{"start":{"line":75,"column":4},"end":{"line":76,"column":14}}]},"8":{"line":85,"type":"switch","locations":[{"start":{"line":90,"column":4},"end":{"line":105,"column":14}},{"start":{"line":111,"column":4},"end":{"line":193,"column":14},"skip":true}]},"9":{"line":91,"type":"binary-expr","locations":[{"start":{"line":91,"column":42},"end":{"line":91,"column":73}},{"start":{"line":91,"column":77},"end":{"line":99,"column":9}}]},"10":{"line":102,"type":"binary-expr","locations":[{"start":{"line":102,"column":18},"end":{"line":102,"column":32}},{"start":{"line":103,"column":12},"end":{"line":103,"column":53}},{"start":{"line":104,"column":12},"end":{"line":104,"column":61}}]},"11":{"line":112,"type":"binary-expr","locations":[{"start":{"line":112,"column":45},"end":{"line":112,"column":79},"skip":true},{"start":{"line":112,"column":83},"end":{"line":121,"column":9},"skip":true}]},"12":{"line":123,"type":"binary-expr","locations":[{"start":{"line":123,"column":42},"end":{"line":123,"column":73},"skip":true},{"start":{"line":123,"column":77},"end":{"line":136,"column":9},"skip":true}]},"13":{"line":138,"type":"binary-expr","locations":[{"start":{"line":138,"column":48},"end":{"line":138,"column":85},"skip":true},{"start":{"line":139,"column":12},"end":{"line":145,"column":13},"skip":true}]},"14":{"line":147,"type":"binary-expr","locations":[{"start":{"line":147,"column":42},"end":{"line":147,"column":73},"skip":true},{"start":{"line":147,"column":77},"end":{"line":156,"column":9},"skip":true}]},"15":{"line":158,"type":"binary-expr","locations":[{"start":{"line":158,"column":45},"end":{"line":158,"column":79},"skip":true},{"start":{"line":158,"column":83},"end":{"line":167,"column":9},"skip":true}]},"16":{"line":169,"type":"binary-expr","locations":[{"start":{"line":169,"column":43},"end":{"line":169,"column":75},"skip":true},{"start":{"line":169,"column":79},"end":{"line":178,"column":9},"skip":true}]},"17":{"line":180,"type":"binary-expr","locations":[{"start":{"line":180,"column":41},"end":{"line":180,"column":71},"skip":true},{"start":{"line":180,"column":75},"end":{"line":189,"column":9},"skip":true}]}},"code":["/* istanbul instrument in package npmtest_dploy */","/*jslint","    bitwise: true,","    browser: true,","    maxerr: 8,","    maxlen: 96,","    node: true,","    nomen: true,","    regexp: true,","    stupid: true","*/","(function () {","    'use strict';","    var local;","","","","    // run shared js-env code - pre-init","    (function () {","        // init local","        local = {};","        // init modeJs","        local.modeJs = (function () {","            try {","                return typeof navigator.userAgent === 'string' &&","                    typeof document.querySelector('body') === 'object' &&","                    typeof XMLHttpRequest.prototype.open === 'function' &&","                    'browser';","            } catch (errorCaughtBrowser) {","                return module.exports &&","                    typeof process.versions.node === 'string' &&","                    typeof require('http').createServer === 'function' &&","                    'node';","            }","        }());","        // init global","        local.global = local.modeJs === 'browser'","            ? window","            : global;","        switch (local.modeJs) {","        // re-init local from window.local","        case 'browser':","            local = local.global.utility2.objectSetDefault(","                local.global.utility2_rollup || local.global.local,","                local.global.utility2","            );","            break;","        // re-init local from example.js","        case 'node':","            local = (local.global.utility2_rollup || require('utility2'))","                .requireReadme();","            break;","        }","        // export local","        local.global.local = local;","    }());","","","","    // run shared js-env code - function","    (function () {","        return;","    }());","    switch (local.modeJs) {","","","","    // run browser js-env code - function","    case 'browser':","        break;","","","","    // run node js-env code - function","    case 'node':","        break;","    }","","","","    // run shared js-env code - post-init","    (function () {","        return;","    }());","    switch (local.modeJs) {","","","","    // run browser js-env code - post-init","    case 'browser':","        local.testCase_browser_nullCase = local.testCase_browser_nullCase || function (","            options,","            onError","        ) {","        /*","         * this function will test browsers's null-case handling-behavior-behavior","         */","            onError(null, options);","        };","","        // run tests","        local.nop(local.modeTest &&","            document.querySelector('#testRunButton1') &&","            document.querySelector('#testRunButton1').click());","        break;","","","","    // run node js-env code - post-init","    /* istanbul ignore next */","    case 'node':","        local.testCase_buildApidoc_default = local.testCase_buildApidoc_default || function (","            options,","            onError","        ) {","        /*","         * this function will test buildApidoc's default handling-behavior-behavior","         */","            options = { modulePathList: module.paths };","            local.buildApidoc(options, onError);","        };","","        local.testCase_buildApp_default = local.testCase_buildApp_default || function (","            options,","            onError","        ) {","        /*","         * this function will test buildApp's default handling-behavior-behavior","         */","            local.testCase_buildReadme_default(options, local.onErrorThrow);","            local.testCase_buildLib_default(options, local.onErrorThrow);","            local.testCase_buildTest_default(options, local.onErrorThrow);","            local.testCase_buildCustomOrg_default(options, local.onErrorThrow);","            options = [];","            local.buildApp(options, onError);","        };","","        local.testCase_buildCustomOrg_default = local.testCase_buildCustomOrg_default ||","            function (options, onError) {","            /*","             * this function will test buildCustomOrg's default handling-behavior","             */","                options = {};","                local.buildCustomOrg(options, onError);","            };","","        local.testCase_buildLib_default = local.testCase_buildLib_default || function (","            options,","            onError","        ) {","        /*","         * this function will test buildLib's default handling-behavior","         */","            options = {};","            local.buildLib(options, onError);","        };","","        local.testCase_buildReadme_default = local.testCase_buildReadme_default || function (","            options,","            onError","        ) {","        /*","         * this function will test buildReadme's default handling-behavior-behavior","         */","            options = {};","            local.buildReadme(options, onError);","        };","","        local.testCase_buildTest_default = local.testCase_buildTest_default || function (","            options,","            onError","        ) {","        /*","         * this function will test buildTest's default handling-behavior","         */","            options = {};","            local.buildTest(options, onError);","        };","","        local.testCase_webpage_default = local.testCase_webpage_default || function (","            options,","            onError","        ) {","        /*","         * this function will test webpage's default handling-behavior","         */","            options = { modeCoverageMerge: true, url: local.serverLocalHost + '?modeTest=1' };","            local.browserTest(options, onError);","        };","","        // run test-server","        local.testRunServer(local);","        break;","    }","}());",""],"l":{"12":2,"14":2,"19":2,"21":2,"23":2,"24":2,"25":2,"30":1,"37":2,"40":2,"43":1,"47":1,"50":1,"52":1,"55":2,"61":2,"62":2,"64":2,"70":1,"76":1,"82":2,"83":2,"85":2,"91":1,"98":1,"102":1,"105":1,"112":1,"119":1,"120":1,"123":1,"130":1,"131":1,"132":1,"133":1,"134":1,"135":1,"138":1,"143":2,"144":2,"147":1,"154":2,"155":2,"158":1,"165":2,"166":2,"169":1,"176":2,"177":2,"180":1,"187":1,"188":1,"192":1,"193":1}},"/home/travis/build/npmtest/node-npmtest-dploy/lib.npmtest_dploy.js":{"path":"/home/travis/build/npmtest/node-npmtest-dploy/lib.npmtest_dploy.js","s":{"1":2,"2":2,"3":2,"4":2,"5":2,"6":2,"7":2,"8":1,"9":2,"10":2,"11":2,"12":2,"13":1,"14":1,"15":1,"16":1},"b":{"1":[2,1,1,1],"2":[1,1,1,1],"3":[1,1],"4":[2,2],"5":[1,1]},"f":{"1":2,"2":2,"3":2},"fnMap":{"1":{"name":"(anonymous_1)","line":12,"loc":{"start":{"line":12,"column":1},"end":{"line":12,"column":13}}},"2":{"name":"(anonymous_2)","line":19,"loc":{"start":{"line":19,"column":5},"end":{"line":19,"column":17}}},"3":{"name":"(anonymous_3)","line":23,"loc":{"start":{"line":23,"column":24},"end":{"line":23,"column":36}}}},"statementMap":{"1":{"start":{"line":12,"column":0},"end":{"line":53,"column":5}},"2":{"start":{"line":14,"column":4},"end":{"line":14,"column":14}},"3":{"start":{"line":19,"column":4},"end":{"line":52,"column":9}},"4":{"start":{"line":21,"column":8},"end":{"line":21,"column":19}},"5":{"start":{"line":23,"column":8},"end":{"line":35,"column":13}},"6":{"start":{"line":24,"column":12},"end":{"line":34,"column":13}},"7":{"start":{"line":25,"column":16},"end":{"line":28,"column":30}},"8":{"start":{"line":30,"column":16},"end":{"line":33,"column":27}},"9":{"start":{"line":37,"column":8},"end":{"line":39,"column":21}},"10":{"start":{"line":41,"column":8},"end":{"line":41,"column":54}},"11":{"start":{"line":43,"column":8},"end":{"line":43,"column":50}},"12":{"start":{"line":45,"column":8},"end":{"line":51,"column":9}},"13":{"start":{"line":46,"column":12},"end":{"line":46,"column":56}},"14":{"start":{"line":48,"column":12},"end":{"line":48,"column":35}},"15":{"start":{"line":49,"column":12},"end":{"line":49,"column":49}},"16":{"start":{"line":50,"column":12},"end":{"line":50,"column":43}}},"branchMap":{"1":{"line":25,"type":"binary-expr","locations":[{"start":{"line":25,"column":23},"end":{"line":25,"column":62}},{"start":{"line":26,"column":20},"end":{"line":26,"column":70}},{"start":{"line":27,"column":20},"end":{"line":27,"column":71}},{"start":{"line":28,"column":20},"end":{"line":28,"column":29}}]},"2":{"line":30,"type":"binary-expr","locations":[{"start":{"line":30,"column":23},"end":{"line":30,"column":37}},{"start":{"line":31,"column":20},"end":{"line":31,"column":61}},{"start":{"line":32,"column":20},"end":{"line":32,"column":70}},{"start":{"line":33,"column":20},"end":{"line":33,"column":26}}]},"3":{"line":37,"type":"cond-expr","locations":[{"start":{"line":38,"column":14},"end":{"line":38,"column":20}},{"start":{"line":39,"column":14},"end":{"line":39,"column":20}}]},"4":{"line":41,"type":"binary-expr","locations":[{"start":{"line":41,"column":16},"end":{"line":41,"column":44}},{"start":{"line":41,"column":48},"end":{"line":41,"column":53}}]},"5":{"line":45,"type":"if","locations":[{"start":{"line":45,"column":8},"end":{"line":45,"column":8}},{"start":{"line":45,"column":8},"end":{"line":45,"column":8}}]}},"code":["/* istanbul instrument in package npmtest_dploy */","/*jslint","    bitwise: true,","    browser: true,","    maxerr: 8,","    maxlen: 96,","    node: true,","    nomen: true,","    regexp: true,","    stupid: true","*/","(function () {","    'use strict';","    var local;","","","","    // run shared js-env code - pre-init","    (function () {","        // init local","        local = {};","        // init modeJs","        local.modeJs = (function () {","            try {","                return typeof navigator.userAgent === 'string' &&","                    typeof document.querySelector('body') === 'object' &&","                    typeof XMLHttpRequest.prototype.open === 'function' &&","                    'browser';","            } catch (errorCaughtBrowser) {","                return module.exports &&","                    typeof process.versions.node === 'string' &&","                    typeof require('http').createServer === 'function' &&","                    'node';","            }","        }());","        // init global","        local.global = local.modeJs === 'browser'","            ? window","            : global;","        // init utility2_rollup","        local = local.global.utility2_rollup || local;","        // init lib","        local.local = local.npmtest_dploy = local;","        // init exports","        if (local.modeJs === 'browser') {","            local.global.utility2_npmtest_dploy = local;","        } else {","            module.exports = local;","            module.exports.__dirname = __dirname;","            module.exports.module = module;","        }","    }());","}());",""],"l":{"12":2,"14":2,"19":2,"21":2,"23":2,"24":2,"25":2,"30":1,"37":2,"41":2,"43":2,"45":2,"46":1,"48":1,"49":1,"50":1}},"/home/travis/build/npmtest/node-npmtest-dploy/example.js":{"path":"/home/travis/build/npmtest/node-npmtest-dploy/example.js","s":{"1":2,"2":2,"3":2,"4":2,"5":2,"6":2,"7":2,"8":1,"9":2,"10":2,"11":2,"12":2,"13":1,"14":2,"15":2,"16":2,"17":2,"18":2,"19":0,"20":2,"21":1,"22":1,"23":1,"24":1,"25":1,"26":0,"27":0,"28":1,"29":1,"30":2,"31":0,"32":0,"33":0,"34":1,"35":2,"36":2,"37":3,"38":3,"39":3,"40":3,"41":0,"42":3,"43":3,"44":3,"45":1,"46":3,"47":1,"48":1,"49":1,"50":1,"51":1,"52":1,"53":1,"54":1,"55":1,"56":1,"57":0,"58":1,"59":6,"60":6,"61":1,"62":2,"63":0,"64":2,"65":1,"66":1,"67":0,"68":0,"69":0,"70":0,"71":0,"72":0,"73":0,"74":0,"75":0,"76":0,"77":0,"78":0,"79":0,"80":0,"81":0,"82":0,"83":0},"b":{"1":[2,1,1,1],"2":[1,1,1,1],"3":[1,1],"4":[2,2],"5":[1,1],"6":[1,1],"7":[2,0],"8":[2,1,1,1,1,1],"9":[0,2,0],"10":[1,1],"11":[2,1,1],"12":[1,0],"13":[0,2],"14":[2,0,0,0,0,0,0],"15":[0,3],"16":[3,0],"17":[1,1],"18":[0,1],"19":[1,2,0,2],"20":[1,0],"21":[1,1],"22":[0,0],"23":[0,0],"24":[0,0],"25":[0,0],"26":[0,0],"27":[0,0],"28":[0,0]},"f":{"1":2,"2":2,"3":2,"4":2,"5":2,"6":2,"7":3,"8":3,"9":3,"10":1,"11":6,"12":0},"fnMap":{"1":{"name":"(anonymous_1)","line":26,"loc":{"start":{"line":26,"column":1},"end":{"line":26,"column":13}}},"2":{"name":"(anonymous_2)","line":33,"loc":{"start":{"line":33,"column":5},"end":{"line":33,"column":17}}},"3":{"name":"(anonymous_3)","line":37,"loc":{"start":{"line":37,"column":24},"end":{"line":37,"column":36}}},"4":{"name":"(anonymous_4)","line":69,"loc":{"start":{"line":69,"column":31},"end":{"line":69,"column":48}},"skip":true},"5":{"name":"(anonymous_5)","line":78,"loc":{"start":{"line":78,"column":26},"end":{"line":78,"column":45}},"skip":true},"6":{"name":"(anonymous_6)","line":123,"loc":{"start":{"line":123,"column":33},"end":{"line":123,"column":48}},"skip":true},"7":{"name":"(anonymous_7)","line":125,"loc":{"start":{"line":125,"column":27},"end":{"line":125,"column":39}},"skip":true},"8":{"name":"(anonymous_8)","line":133,"loc":{"start":{"line":133,"column":59},"end":{"line":133,"column":74}},"skip":true},"9":{"name":"(anonymous_9)","line":143,"loc":{"start":{"line":143,"column":45},"end":{"line":143,"column":62}},"skip":true},"10":{"name":"(anonymous_10)","line":144,"loc":{"start":{"line":144,"column":73},"end":{"line":144,"column":92}},"skip":true},"11":{"name":"(anonymous_11)","line":272,"loc":{"start":{"line":272,"column":51},"end":{"line":272,"column":77}},"skip":true},"12":{"name":"(anonymous_12)","line":315,"loc":{"start":{"line":315,"column":32},"end":{"line":315,"column":61}},"skip":true}},"statementMap":{"1":{"start":{"line":26,"column":0},"end":{"line":326,"column":5}},"2":{"start":{"line":28,"column":4},"end":{"line":28,"column":14}},"3":{"start":{"line":33,"column":4},"end":{"line":60,"column":9}},"4":{"start":{"line":35,"column":8},"end":{"line":35,"column":19}},"5":{"start":{"line":37,"column":8},"end":{"line":49,"column":13}},"6":{"start":{"line":38,"column":12},"end":{"line":48,"column":13}},"7":{"start":{"line":39,"column":16},"end":{"line":42,"column":30}},"8":{"start":{"line":44,"column":16},"end":{"line":47,"column":27}},"9":{"start":{"line":51,"column":8},"end":{"line":53,"column":21}},"10":{"start":{"line":55,"column":8},"end":{"line":57,"column":45}},"11":{"start":{"line":59,"column":8},"end":{"line":59,"column":35}},"12":{"start":{"line":61,"column":4},"end":{"line":325,"column":5}},"13":{"start":{"line":69,"column":8},"end":{"line":121,"column":10},"skip":true},"14":{"start":{"line":70,"column":12},"end":{"line":88,"column":13},"skip":true},"15":{"start":{"line":76,"column":16},"end":{"line":87,"column":19},"skip":true},"16":{"start":{"line":79,"column":20},"end":{"line":86,"column":21},"skip":true},"17":{"start":{"line":82,"column":24},"end":{"line":82,"column":43},"skip":true},"18":{"start":{"line":83,"column":24},"end":{"line":83,"column":30},"skip":true},"19":{"start":{"line":85,"column":24},"end":{"line":85,"column":49},"skip":true},"20":{"start":{"line":89,"column":12},"end":{"line":107,"column":13},"skip":true},"21":{"start":{"line":92,"column":16},"end":{"line":102,"column":17},"skip":true},"22":{"start":{"line":93,"column":20},"end":{"line":93,"column":86},"skip":true},"23":{"start":{"line":94,"column":20},"end":{"line":95,"column":45},"skip":true},"24":{"start":{"line":96,"column":20},"end":{"line":96,"column":42},"skip":true},"25":{"start":{"line":97,"column":20},"end":{"line":97,"column":48},"skip":true},"26":{"start":{"line":100,"column":20},"end":{"line":100,"column":85},"skip":true},"27":{"start":{"line":101,"column":20},"end":{"line":101,"column":96},"skip":true},"28":{"start":{"line":103,"column":16},"end":{"line":103,"column":22},"skip":true},"29":{"start":{"line":106,"column":16},"end":{"line":106,"column":22},"skip":true},"30":{"start":{"line":108,"column":12},"end":{"line":120,"column":13},"skip":true},"31":{"start":{"line":114,"column":16},"end":{"line":119,"column":17},"skip":true},"32":{"start":{"line":116,"column":20},"end":{"line":116,"column":78},"skip":true},"33":{"start":{"line":118,"column":20},"end":{"line":118,"column":47},"skip":true},"34":{"start":{"line":123,"column":8},"end":{"line":141,"column":11},"skip":true},"35":{"start":{"line":124,"column":12},"end":{"line":124,"column":54},"skip":true},"36":{"start":{"line":125,"column":12},"end":{"line":140,"column":14},"skip":true},"37":{"start":{"line":126,"column":16},"end":{"line":126,"column":28},"skip":true},"38":{"start":{"line":127,"column":16},"end":{"line":127,"column":69},"skip":true},"39":{"start":{"line":128,"column":16},"end":{"line":128,"column":75},"skip":true},"40":{"start":{"line":129,"column":16},"end":{"line":131,"column":17},"skip":true},"41":{"start":{"line":130,"column":20},"end":{"line":130,"column":27},"skip":true},"42":{"start":{"line":133,"column":16},"end":{"line":137,"column":36},"skip":true},"43":{"start":{"line":134,"column":20},"end":{"line":136,"column":55},"skip":true},"44":{"start":{"line":139,"column":16},"end":{"line":139,"column":57},"skip":true},"45":{"start":{"line":143,"column":8},"end":{"line":147,"column":11},"skip":true},"46":{"start":{"line":144,"column":12},"end":{"line":146,"column":15},"skip":true},"47":{"start":{"line":145,"column":16},"end":{"line":145,"column":70},"skip":true},"48":{"start":{"line":149,"column":8},"end":{"line":149,"column":31},"skip":true},"49":{"start":{"line":150,"column":8},"end":{"line":150,"column":14},"skip":true},"50":{"start":{"line":158,"column":8},"end":{"line":158,"column":31},"skip":true},"51":{"start":{"line":160,"column":8},"end":{"line":160,"column":33},"skip":true},"52":{"start":{"line":161,"column":8},"end":{"line":161,"column":37},"skip":true},"53":{"start":{"line":162,"column":8},"end":{"line":162,"column":35},"skip":true},"54":{"start":{"line":164,"column":8},"end":{"line":164,"column":50},"skip":true},"55":{"start":{"line":166,"column":8},"end":{"line":256,"column":2},"skip":true},"56":{"start":{"line":258,"column":8},"end":{"line":286,"column":9},"skip":true},"57":{"start":{"line":259,"column":12},"end":{"line":269,"column":14},"skip":true},"58":{"start":{"line":271,"column":12},"end":{"line":285,"column":19},"skip":true},"59":{"start":{"line":274,"column":20},"end":{"line":274,"column":35},"skip":true},"60":{"start":{"line":275,"column":20},"end":{"line":284,"column":21},"skip":true},"61":{"start":{"line":277,"column":24},"end":{"line":277,"column":64},"skip":true},"62":{"start":{"line":279,"column":24},"end":{"line":279,"column":40},"skip":true},"63":{"start":{"line":281,"column":24},"end":{"line":281,"column":40},"skip":true},"64":{"start":{"line":283,"column":24},"end":{"line":283,"column":39},"skip":true},"65":{"start":{"line":288,"column":8},"end":{"line":290,"column":9},"skip":true},"66":{"start":{"line":289,"column":12},"end":{"line":289,"column":18},"skip":true},"67":{"start":{"line":291,"column":8},"end":{"line":293,"column":54},"skip":true},"68":{"start":{"line":296,"column":8},"end":{"line":301,"column":37},"skip":true},"69":{"start":{"line":303,"column":8},"end":{"line":303,"column":82},"skip":true},"70":{"start":{"line":306,"column":8},"end":{"line":308,"column":9},"skip":true},"71":{"start":{"line":307,"column":12},"end":{"line":307,"column":82},"skip":true},"72":{"start":{"line":310,"column":8},"end":{"line":312,"column":9},"skip":true},"73":{"start":{"line":311,"column":12},"end":{"line":311,"column":18},"skip":true},"74":{"start":{"line":313,"column":8},"end":{"line":313,"column":54},"skip":true},"75":{"start":{"line":314,"column":8},"end":{"line":314,"column":69},"skip":true},"76":{"start":{"line":315,"column":8},"end":{"line":323,"column":36},"skip":true},"77":{"start":{"line":316,"column":12},"end":{"line":316,"column":61},"skip":true},"78":{"start":{"line":317,"column":12},"end":{"line":320,"column":13},"skip":true},"79":{"start":{"line":318,"column":16},"end":{"line":318,"column":75},"skip":true},"80":{"start":{"line":319,"column":16},"end":{"line":319,"column":23},"skip":true},"81":{"start":{"line":321,"column":12},"end":{"line":321,"column":38},"skip":true},"82":{"start":{"line":322,"column":12},"end":{"line":322,"column":27},"skip":true},"83":{"start":{"line":324,"column":8},"end":{"line":324,"column":14},"skip":true}},"branchMap":{"1":{"line":39,"type":"binary-expr","locations":[{"start":{"line":39,"column":23},"end":{"line":39,"column":62}},{"start":{"line":40,"column":20},"end":{"line":40,"column":70}},{"start":{"line":41,"column":20},"end":{"line":41,"column":71}},{"start":{"line":42,"column":20},"end":{"line":42,"column":29}}]},"2":{"line":44,"type":"binary-expr","locations":[{"start":{"line":44,"column":23},"end":{"line":44,"column":37}},{"start":{"line":45,"column":20},"end":{"line":45,"column":61}},{"start":{"line":46,"column":20},"end":{"line":46,"column":70}},{"start":{"line":47,"column":20},"end":{"line":47,"column":26}}]},"3":{"line":51,"type":"cond-expr","locations":[{"start":{"line":52,"column":14},"end":{"line":52,"column":20}},{"start":{"line":53,"column":14},"end":{"line":53,"column":20}}]},"4":{"line":55,"type":"binary-expr","locations":[{"start":{"line":55,"column":16},"end":{"line":55,"column":44}},{"start":{"line":55,"column":49},"end":{"line":57,"column":43}}]},"5":{"line":55,"type":"cond-expr","locations":[{"start":{"line":56,"column":14},"end":{"line":56,"column":49}},{"start":{"line":57,"column":14},"end":{"line":57,"column":43}}]},"6":{"line":61,"type":"switch","locations":[{"start":{"line":68,"column":4},"end":{"line":150,"column":14},"skip":true},{"start":{"line":156,"column":4},"end":{"line":324,"column":14},"skip":true}]},"7":{"line":70,"type":"if","locations":[{"start":{"line":70,"column":12},"end":{"line":70,"column":12},"skip":true},{"start":{"line":70,"column":12},"end":{"line":70,"column":12},"skip":true}]},"8":{"line":70,"type":"binary-expr","locations":[{"start":{"line":70,"column":16},"end":{"line":70,"column":22},"skip":true},{"start":{"line":70,"column":27},"end":{"line":70,"column":32},"skip":true},{"start":{"line":71,"column":20},"end":{"line":71,"column":39},"skip":true},{"start":{"line":72,"column":20},"end":{"line":72,"column":49},"skip":true},{"start":{"line":73,"column":20},"end":{"line":73,"column":58},"skip":true},{"start":{"line":74,"column":20},"end":{"line":74,"column":69},"skip":true}]},"9":{"line":79,"type":"switch","locations":[{"start":{"line":80,"column":20},"end":{"line":80,"column":33},"skip":true},{"start":{"line":81,"column":20},"end":{"line":83,"column":30},"skip":true},{"start":{"line":84,"column":20},"end":{"line":85,"column":49},"skip":true}]},"10":{"line":89,"type":"switch","locations":[{"start":{"line":90,"column":12},"end":{"line":103,"column":22},"skip":true},{"start":{"line":105,"column":12},"end":{"line":106,"column":22},"skip":true}]},"11":{"line":89,"type":"binary-expr","locations":[{"start":{"line":89,"column":20},"end":{"line":89,"column":25},"skip":true},{"start":{"line":89,"column":29},"end":{"line":89,"column":48},"skip":true},{"start":{"line":89,"column":52},"end":{"line":89,"column":74},"skip":true}]},"12":{"line":92,"type":"if","locations":[{"start":{"line":92,"column":16},"end":{"line":92,"column":16},"skip":true},{"start":{"line":92,"column":16},"end":{"line":92,"column":16},"skip":true}]},"13":{"line":108,"type":"if","locations":[{"start":{"line":108,"column":12},"end":{"line":108,"column":12},"skip":true},{"start":{"line":108,"column":12},"end":{"line":108,"column":12},"skip":true}]},"14":{"line":108,"type":"binary-expr","locations":[{"start":{"line":108,"column":16},"end":{"line":108,"column":61},"skip":true},{"start":{"line":108,"column":66},"end":{"line":108,"column":72},"skip":true},{"start":{"line":108,"column":77},"end":{"line":108,"column":82},"skip":true},{"start":{"line":109,"column":20},"end":{"line":109,"column":39},"skip":true},{"start":{"line":110,"column":20},"end":{"line":110,"column":49},"skip":true},{"start":{"line":111,"column":20},"end":{"line":111,"column":58},"skip":true},{"start":{"line":112,"column":20},"end":{"line":112,"column":68},"skip":true}]},"15":{"line":129,"type":"if","locations":[{"start":{"line":129,"column":16},"end":{"line":129,"column":16},"skip":true},{"start":{"line":129,"column":16},"end":{"line":129,"column":16},"skip":true}]},"16":{"line":134,"type":"cond-expr","locations":[{"start":{"line":135,"column":26},"end":{"line":135,"column":29},"skip":true},{"start":{"line":136,"column":26},"end":{"line":136,"column":54},"skip":true}]},"17":{"line":164,"type":"binary-expr","locations":[{"start":{"line":164,"column":27},"end":{"line":164,"column":43},"skip":true},{"start":{"line":164,"column":47},"end":{"line":164,"column":49},"skip":true}]},"18":{"line":258,"type":"if","locations":[{"start":{"line":258,"column":8},"end":{"line":258,"column":8},"skip":true},{"start":{"line":258,"column":8},"end":{"line":258,"column":8},"skip":true}]},"19":{"line":275,"type":"switch","locations":[{"start":{"line":276,"column":20},"end":{"line":277,"column":64},"skip":true},{"start":{"line":278,"column":20},"end":{"line":279,"column":40},"skip":true},{"start":{"line":280,"column":20},"end":{"line":281,"column":40},"skip":true},{"start":{"line":282,"column":20},"end":{"line":283,"column":39},"skip":true}]},"20":{"line":288,"type":"if","locations":[{"start":{"line":288,"column":8},"end":{"line":288,"column":8},"skip":true},{"start":{"line":288,"column":8},"end":{"line":288,"column":8},"skip":true}]},"21":{"line":288,"type":"binary-expr","locations":[{"start":{"line":288,"column":12},"end":{"line":288,"column":40},"skip":true},{"start":{"line":288,"column":44},"end":{"line":288,"column":67},"skip":true}]},"22":{"line":292,"type":"binary-expr","locations":[{"start":{"line":292,"column":12},"end":{"line":292,"column":50},"skip":true},{"start":{"line":293,"column":12},"end":{"line":293,"column":53},"skip":true}]},"23":{"line":297,"type":"binary-expr","locations":[{"start":{"line":297,"column":12},"end":{"line":297,"column":63},"skip":true},{"start":{"line":298,"column":12},"end":{"line":301,"column":36},"skip":true}]},"24":{"line":303,"type":"binary-expr","locations":[{"start":{"line":303,"column":43},"end":{"line":303,"column":75},"skip":true},{"start":{"line":303,"column":79},"end":{"line":303,"column":81},"skip":true}]},"25":{"line":306,"type":"if","locations":[{"start":{"line":306,"column":8},"end":{"line":306,"column":8},"skip":true},{"start":{"line":306,"column":8},"end":{"line":306,"column":8},"skip":true}]},"26":{"line":310,"type":"if","locations":[{"start":{"line":310,"column":8},"end":{"line":310,"column":8},"skip":true},{"start":{"line":310,"column":8},"end":{"line":310,"column":8},"skip":true}]},"27":{"line":313,"type":"binary-expr","locations":[{"start":{"line":313,"column":27},"end":{"line":313,"column":43},"skip":true},{"start":{"line":313,"column":47},"end":{"line":313,"column":53},"skip":true}]},"28":{"line":317,"type":"if","locations":[{"start":{"line":317,"column":12},"end":{"line":317,"column":12},"skip":true},{"start":{"line":317,"column":12},"end":{"line":317,"column":12},"skip":true}]}},"code":["/*","example.js","","quickstart example","","instruction","    1. save this script as example.js","    2. run the shell command:","        $ npm install npmtest-dploy && PORT=8081 node example.js","    3. play with the browser-demo on http://127.0.0.1:8081","*/","","","","/* istanbul instrument in package npmtest_dploy */","/*jslint","    bitwise: true,","    browser: true,","    maxerr: 8,","    maxlen: 96,","    node: true,","    nomen: true,","    regexp: true,","    stupid: true","*/","(function () {","    'use strict';","    var local;","","","","    // run shared js-env code - pre-init","    (function () {","        // init local","        local = {};","        // init modeJs","        local.modeJs = (function () {","            try {","                return typeof navigator.userAgent === 'string' &&","                    typeof document.querySelector('body') === 'object' &&","                    typeof XMLHttpRequest.prototype.open === 'function' &&","                    'browser';","            } catch (errorCaughtBrowser) {","                return module.exports &&","                    typeof process.versions.node === 'string' &&","                    typeof require('http').createServer === 'function' &&","                    'node';","            }","        }());","        // init global","        local.global = local.modeJs === 'browser'","            ? window","            : global;","        // init utility2_rollup","        local = local.global.utility2_rollup || (local.modeJs === 'browser'","            ? local.global.utility2_npmtest_dploy","            : global.utility2_moduleExports);","        // export local","        local.global.local = local;","    }());","    switch (local.modeJs) {","","","","    // post-init","    // run browser js-env code - post-init","    /* istanbul ignore next */","    case 'browser':","        local.testRunBrowser = function (event) {","            if (!event || (event &&","                    event.currentTarget &&","                    event.currentTarget.className &&","                    event.currentTarget.className.includes &&","                    event.currentTarget.className.includes('onreset'))) {","                // reset output","                Array.from(","                    document.querySelectorAll('body > .resettable')","                ).forEach(function (element) {","                    switch (element.tagName) {","                    case 'INPUT':","                    case 'TEXTAREA':","                        element.value = '';","                        break;","                    default:","                        element.textContent = '';","                    }","                });","            }","            switch (event && event.currentTarget && event.currentTarget.id) {","            case 'testRunButton1':","                // show tests","                if (document.querySelector('#testReportDiv1').style.display === 'none') {","                    document.querySelector('#testReportDiv1').style.display = 'block';","                    document.querySelector('#testRunButton1').textContent =","                        'hide internal test';","                    local.modeTest = true;","                    local.testRunDefault(local);","                // hide tests","                } else {","                    document.querySelector('#testReportDiv1').style.display = 'none';","                    document.querySelector('#testRunButton1').textContent = 'run internal test';","                }","                break;","            // custom-case","            default:","                break;","            }","            if (document.querySelector('#inputTextareaEval1') && (!event || (event &&","                    event.currentTarget &&","                    event.currentTarget.className &&","                    event.currentTarget.className.includes &&","                    event.currentTarget.className.includes('oneval')))) {","                // try to eval input-code","                try {","                    /*jslint evil: true*/","                    eval(document.querySelector('#inputTextareaEval1').value);","                } catch (errorCaught) {","                    console.error(errorCaught);","                }","            }","        };","        // log stderr and stdout to #outputTextareaStdout1","        ['error', 'log'].forEach(function (key) {","            console[key + '_original'] = console[key];","            console[key] = function () {","                var element;","                console[key + '_original'].apply(console, arguments);","                element = document.querySelector('#outputTextareaStdout1');","                if (!element) {","                    return;","                }","                // append text to #outputTextareaStdout1","                element.value += Array.from(arguments).map(function (arg) {","                    return typeof arg === 'string'","                        ? arg","                        : JSON.stringify(arg, null, 4);","                }).join(' ') + '\\n';","                // scroll textarea to bottom","                element.scrollTop = element.scrollHeight;","            };","        });","        // init event-handling","        ['change', 'click', 'keyup'].forEach(function (event) {","            Array.from(document.querySelectorAll('.on' + event)).forEach(function (element) {","                element.addEventListener(event, local.testRunBrowser);","            });","        });","        // run tests","        local.testRunBrowser();","        break;","","","","    // run node js-env code - post-init","    /* istanbul ignore next */","    case 'node':","        // export local","        module.exports = local;","        // require modules","        local.fs = require('fs');","        local.http = require('http');","        local.url = require('url');","        // init assets","        local.assetsDict = local.assetsDict || {};","        /* jslint-ignore-begin */","        local.assetsDict['/assets.index.template.html'] = '\\","<!doctype html>\\n\\","<html lang=\"en\">\\n\\","<head>\\n\\","<meta charset=\"UTF-8\">\\n\\","<meta name=\"viewport\" content=\"width=device-width, initial-scale=1\">\\n\\","<title>{{env.npm_package_name}} (v{{env.npm_package_version}})</title>\\n\\","<style>\\n\\","/*csslint\\n\\","    box-sizing: false,\\n\\","    universal-selector: false\\n\\","*/\\n\\","* {\\n\\","    box-sizing: border-box;\\n\\","}\\n\\","body {\\n\\","    background: #dde;\\n\\","    font-family: Arial, Helvetica, sans-serif;\\n\\","    margin: 2rem;\\n\\","}\\n\\","body > * {\\n\\","    margin-bottom: 1rem;\\n\\","}\\n\\",".utility2FooterDiv {\\n\\","    margin-top: 20px;\\n\\","    text-align: center;\\n\\","}\\n\\","</style>\\n\\","<style>\\n\\","/*csslint\\n\\","*/\\n\\","textarea {\\n\\","    font-family: monospace;\\n\\","    height: 10rem;\\n\\","    width: 100%;\\n\\","}\\n\\","textarea[readonly] {\\n\\","    background: #ddd;\\n\\","}\\n\\","</style>\\n\\","</head>\\n\\","<body>\\n\\","<!-- utility2-comment\\n\\","<div id=\"ajaxProgressDiv1\" style=\"background: #d00; height: 2px; left: 0; margin: 0; padding: 0; position: fixed; top: 0; transition: background 0.5s, width 1.5s; width: 25%;\"></div>\\n\\","utility2-comment -->\\n\\","<h1>\\n\\","<!-- utility2-comment\\n\\","    <a\\n\\","        {{#if env.npm_package_homepage}}\\n\\","        href=\"{{env.npm_package_homepage}}\"\\n\\","        {{/if env.npm_package_homepage}}\\n\\","        target=\"_blank\"\\n\\","    >\\n\\","utility2-comment -->\\n\\","        {{env.npm_package_name}} (v{{env.npm_package_version}})\\n\\","<!-- utility2-comment\\n\\","    </a>\\n\\","utility2-comment -->\\n\\","</h1>\\n\\","<h3>{{env.npm_package_description}}</h3>\\n\\","<!-- utility2-comment\\n\\","<h4><a download href=\"assets.app.js\">download standalone app</a></h4>\\n\\","<button class=\"onclick onreset\" id=\"testRunButton1\">run internal test</button><br>\\n\\","<div id=\"testReportDiv1\" style=\"display: none;\"></div>\\n\\","utility2-comment -->\\n\\","\\n\\","\\n\\","\\n\\","<label>stderr and stdout</label>\\n\\","<textarea class=\"resettable\" id=\"outputTextareaStdout1\" readonly></textarea>\\n\\","<!-- utility2-comment\\n\\","{{#if isRollup}}\\n\\","<script src=\"assets.app.js\"></script>\\n\\","{{#unless isRollup}}\\n\\","utility2-comment -->\\n\\","<script src=\"assets.utility2.rollup.js\"></script>\\n\\","<script src=\"jsonp.utility2._stateInit?callback=window.utility2._stateInit\"></script>\\n\\","<script src=\"assets.npmtest_dploy.rollup.js\"></script>\\n\\","<script src=\"assets.example.js\"></script>\\n\\","<script src=\"assets.test.js\"></script>\\n\\","<!-- utility2-comment\\n\\","{{/if isRollup}}\\n\\","utility2-comment -->\\n\\","<div class=\"utility2FooterDiv\">\\n\\","    [ this app was created with\\n\\","    <a href=\"https://github.com/kaizhu256/node-utility2\" target=\"_blank\">utility2</a>\\n\\","    ]\\n\\","</div>\\n\\","</body>\\n\\","</html>\\n\\","';","        /* jslint-ignore-end */","        if (local.templateRender) {","            local.assetsDict['/'] = local.templateRender(","                local.assetsDict['/assets.index.template.html'],","                {","                    env: local.objectSetDefault(local.env, {","                        npm_package_description: 'the greatest app in the world!',","                        npm_package_name: 'my-app',","                        npm_package_nameAlias: 'my_app',","                        npm_package_version: '0.0.1'","                    })","                }","            );","        } else {","            local.assetsDict['/'] = local.assetsDict['/assets.index.template.html']","                .replace((/\\{\\{env\\.(\\w+?)\\}\\}/g), function (match0, match1) {","                    // jslint-hack","                    String(match0);","                    switch (match1) {","                    case 'npm_package_description':","                        return 'the greatest app in the world!';","                    case 'npm_package_name':","                        return 'my-app';","                    case 'npm_package_nameAlias':","                        return 'my_app';","                    case 'npm_package_version':","                        return '0.0.1';","                    }","                });","        }","        // run the cli","        if (local.global.utility2_rollup || module !== require.main) {","            break;","        }","        local.assetsDict['/assets.example.js'] =","            local.assetsDict['/assets.example.js'] ||","            local.fs.readFileSync(__filename, 'utf8');","        // bug-workaround - long $npm_package_buildCustomOrg","        /* jslint-ignore-begin */","        local.assetsDict['/assets.npmtest_dploy.rollup.js'] =","            local.assetsDict['/assets.npmtest_dploy.rollup.js'] ||","            local.fs.readFileSync(","                local.npmtest_dploy.__dirname + '/lib.npmtest_dploy.js',","                'utf8'","            ).replace((/^#!/), '//');","        /* jslint-ignore-end */","        local.assetsDict['/favicon.ico'] = local.assetsDict['/favicon.ico'] || '';","        // if $npm_config_timeout_exit exists,","        // then exit this process after $npm_config_timeout_exit ms","        if (Number(process.env.npm_config_timeout_exit)) {","            setTimeout(process.exit, Number(process.env.npm_config_timeout_exit));","        }","        // start server","        if (local.global.utility2_serverHttp1) {","            break;","        }","        process.env.PORT = process.env.PORT || '8081';","        console.error('server starting on port ' + process.env.PORT);","        local.http.createServer(function (request, response) {","            request.urlParsed = local.url.parse(request.url);","            if (local.assetsDict[request.urlParsed.pathname] !== undefined) {","                response.end(local.assetsDict[request.urlParsed.pathname]);","                return;","            }","            response.statusCode = 404;","            response.end();","        }).listen(process.env.PORT);","        break;","    }","}());",""],"l":{"26":2,"28":2,"33":2,"35":2,"37":2,"38":2,"39":2,"44":1,"51":2,"55":2,"59":2,"61":2,"69":1,"70":2,"76":2,"79":2,"82":2,"83":2,"85":1,"89":2,"92":1,"93":1,"94":1,"96":1,"97":1,"100":1,"101":1,"103":1,"106":1,"108":2,"114":1,"116":1,"118":1,"123":1,"124":2,"125":2,"126":3,"127":3,"128":3,"129":3,"130":1,"133":3,"134":3,"139":3,"143":1,"144":3,"145":1,"149":1,"150":1,"158":1,"160":1,"161":1,"162":1,"164":1,"166":1,"258":1,"259":1,"271":1,"274":6,"275":6,"277":1,"279":2,"281":1,"283":2,"288":1,"289":1,"291":1,"296":1,"303":1,"306":1,"307":1,"310":1,"311":1,"313":1,"314":1,"315":1,"316":1,"317":1,"318":1,"319":1,"321":1,"322":1,"324":1}},"/home/travis/build/npmtest/node-npmtest-dploy/node_modules/dploy/lib/dploy.js":{"path":"/home/travis/build/npmtest/node-npmtest-dploy/node_modules/dploy/lib/dploy.js","s":{"1":1,"2":1,"3":0,"4":0,"5":1,"6":1,"7":1,"8":1,"9":1,"10":1,"11":1,"12":1,"13":1,"14":1,"15":1,"16":0,"17":0,"18":0,"19":0,"20":0,"21":0,"22":0,"23":0,"24":0,"25":0,"26":0,"27":0,"28":0,"29":0,"30":0,"31":0,"32":0,"33":0,"34":0,"35":1,"36":0,"37":0,"38":0,"39":0,"40":0,"41":0,"42":0,"43":0,"44":0,"45":0,"46":0,"47":0,"48":0,"49":1,"50":0,"51":0,"52":0,"53":0,"54":0,"55":0,"56":0,"57":0,"58":1},"b":{"1":[0,0],"2":[0,0],"3":[0,0],"4":[0,0],"5":[0,0],"6":[0,0],"7":[0,0],"8":[0,0],"9":[0,0],"10":[0,0],"11":[0,0],"12":[0,0],"13":[0,0]},"f":{"1":1,"2":0,"3":0,"4":1,"5":0,"6":0,"7":0,"8":0,"9":0},"fnMap":{"1":{"name":"(anonymous_1)","line":1,"loc":{"start":{"line":1,"column":1},"end":{"line":1,"column":12}}},"2":{"name":"(anonymous_2)","line":3,"loc":{"start":{"line":3,"column":13},"end":{"line":3,"column":29}}},"3":{"name":"(anonymous_3)","line":3,"loc":{"start":{"line":3,"column":38},"end":{"line":3,"column":48}}},"4":{"name":"(anonymous_4)","line":15,"loc":{"start":{"line":15,"column":28},"end":{"line":15,"column":39}}},"5":{"name":"DPLOY","line":34,"loc":{"start":{"line":34,"column":4},"end":{"line":34,"column":38}}},"6":{"name":"(anonymous_6)","line":59,"loc":{"start":{"line":59,"column":29},"end":{"line":59,"column":40}}},"7":{"name":"(anonymous_7)","line":80,"loc":{"start":{"line":80,"column":35},"end":{"line":80,"column":60}}},"8":{"name":"(anonymous_8)","line":81,"loc":{"start":{"line":81,"column":31},"end":{"line":81,"column":47}}},"9":{"name":"(anonymous_9)","line":84,"loc":{"start":{"line":84,"column":22},"end":{"line":84,"column":37}}}},"statementMap":{"1":{"start":{"line":1,"column":0},"end":{"line":98,"column":14}},"2":{"start":{"line":2,"column":2},"end":{"line":3,"column":87}},"3":{"start":{"line":3,"column":31},"end":{"line":3,"column":84}},"4":{"start":{"line":3,"column":50},"end":{"line":3,"column":81}},"5":{"start":{"line":5,"column":2},"end":{"line":5,"column":29}},"6":{"start":{"line":7,"column":2},"end":{"line":7,"column":31}},"7":{"start":{"line":9,"column":2},"end":{"line":9,"column":37}},"8":{"start":{"line":11,"column":2},"end":{"line":11,"column":27}},"9":{"start":{"line":13,"column":2},"end":{"line":13,"column":33}},"10":{"start":{"line":15,"column":2},"end":{"line":96,"column":7}},"11":{"start":{"line":16,"column":4},"end":{"line":16,"column":35}},"12":{"start":{"line":18,"column":4},"end":{"line":18,"column":38}},"13":{"start":{"line":20,"column":4},"end":{"line":20,"column":42}},"14":{"start":{"line":22,"column":4},"end":{"line":22,"column":36}},"15":{"start":{"line":34,"column":4},"end":{"line":57,"column":5}},"16":{"start":{"line":35,"column":6},"end":{"line":35,"column":27}},"17":{"start":{"line":36,"column":6},"end":{"line":36,"column":33}},"18":{"start":{"line":37,"column":6},"end":{"line":37,"column":46}},"19":{"start":{"line":38,"column":6},"end":{"line":56,"column":7}},"20":{"start":{"line":39,"column":8},"end":{"line":39,"column":30}},"21":{"start":{"line":40,"column":8},"end":{"line":40,"column":29}},"22":{"start":{"line":41,"column":13},"end":{"line":56,"column":7}},"23":{"start":{"line":42,"column":8},"end":{"line":42,"column":31}},"24":{"start":{"line":43,"column":13},"end":{"line":56,"column":7}},"25":{"start":{"line":44,"column":8},"end":{"line":44,"column":26}},"26":{"start":{"line":45,"column":13},"end":{"line":56,"column":7}},"27":{"start":{"line":46,"column":8},"end":{"line":46,"column":29}},"28":{"start":{"line":48,"column":8},"end":{"line":48,"column":67}},"29":{"start":{"line":49,"column":8},"end":{"line":49,"column":110}},"30":{"start":{"line":50,"column":8},"end":{"line":50,"column":97}},"31":{"start":{"line":51,"column":8},"end":{"line":51,"column":102}},"32":{"start":{"line":52,"column":8},"end":{"line":54,"column":9}},"33":{"start":{"line":53,"column":10},"end":{"line":53,"column":34}},"34":{"start":{"line":55,"column":8},"end":{"line":55,"column":22}},"35":{"start":{"line":59,"column":4},"end":{"line":78,"column":6}},"36":{"start":{"line":60,"column":6},"end":{"line":60,"column":15}},"37":{"start":{"line":61,"column":6},"end":{"line":64,"column":7}},"38":{"start":{"line":62,"column":8},"end":{"line":62,"column":34}},"39":{"start":{"line":63,"column":8},"end":{"line":63,"column":31}},"40":{"start":{"line":65,"column":6},"end":{"line":76,"column":7}},"41":{"start":{"line":66,"column":8},"end":{"line":66,"column":101}},"42":{"start":{"line":67,"column":8},"end":{"line":67,"column":51}},"43":{"start":{"line":68,"column":8},"end":{"line":68,"column":29}},"44":{"start":{"line":70,"column":8},"end":{"line":70,"column":51}},"45":{"start":{"line":71,"column":8},"end":{"line":75,"column":9}},"46":{"start":{"line":72,"column":10},"end":{"line":72,"column":36}},"47":{"start":{"line":74,"column":10},"end":{"line":74,"column":33}},"48":{"start":{"line":77,"column":6},"end":{"line":77,"column":18}},"49":{"start":{"line":80,"column":4},"end":{"line":92,"column":6}},"50":{"start":{"line":81,"column":6},"end":{"line":90,"column":9}},"51":{"start":{"line":82,"column":8},"end":{"line":82,"column":18}},"52":{"start":{"line":83,"column":8},"end":{"line":83,"column":21}},"53":{"start":{"line":84,"column":8},"end":{"line":88,"column":11}},"54":{"start":{"line":85,"column":10},"end":{"line":87,"column":11}},"55":{"start":{"line":86,"column":12},"end":{"line":86,"column":33}},"56":{"start":{"line":89,"column":8},"end":{"line":89,"column":21}},"57":{"start":{"line":91,"column":6},"end":{"line":91,"column":21}},"58":{"start":{"line":94,"column":4},"end":{"line":94,"column":17}}},"branchMap":{"1":{"line":38,"type":"if","locations":[{"start":{"line":38,"column":6},"end":{"line":38,"column":6}},{"start":{"line":38,"column":6},"end":{"line":38,"column":6}}]},"2":{"line":41,"type":"if","locations":[{"start":{"line":41,"column":13},"end":{"line":41,"column":13}},{"start":{"line":41,"column":13},"end":{"line":41,"column":13}}]},"3":{"line":43,"type":"if","locations":[{"start":{"line":43,"column":13},"end":{"line":43,"column":13}},{"start":{"line":43,"column":13},"end":{"line":43,"column":13}}]},"4":{"line":43,"type":"binary-expr","locations":[{"start":{"line":43,"column":17},"end":{"line":43,"column":52}},{"start":{"line":43,"column":56},"end":{"line":43,"column":87}}]},"5":{"line":45,"type":"if","locations":[{"start":{"line":45,"column":13},"end":{"line":45,"column":13}},{"start":{"line":45,"column":13},"end":{"line":45,"column":13}}]},"6":{"line":45,"type":"binary-expr","locations":[{"start":{"line":45,"column":17},"end":{"line":45,"column":55}},{"start":{"line":45,"column":59},"end":{"line":45,"column":90}}]},"7":{"line":49,"type":"binary-expr","locations":[{"start":{"line":49,"column":29},"end":{"line":49,"column":60}},{"start":{"line":49,"column":64},"end":{"line":49,"column":109}}]},"8":{"line":50,"type":"binary-expr","locations":[{"start":{"line":50,"column":23},"end":{"line":50,"column":54}},{"start":{"line":50,"column":58},"end":{"line":50,"column":96}}]},"9":{"line":52,"type":"if","locations":[{"start":{"line":52,"column":8},"end":{"line":52,"column":8}},{"start":{"line":52,"column":8},"end":{"line":52,"column":8}}]},"10":{"line":61,"type":"if","locations":[{"start":{"line":61,"column":6},"end":{"line":61,"column":6}},{"start":{"line":61,"column":6},"end":{"line":61,"column":6}}]},"11":{"line":65,"type":"if","locations":[{"start":{"line":65,"column":6},"end":{"line":65,"column":6}},{"start":{"line":65,"column":6},"end":{"line":65,"column":6}}]},"12":{"line":71,"type":"if","locations":[{"start":{"line":71,"column":8},"end":{"line":71,"column":8}},{"start":{"line":71,"column":8},"end":{"line":71,"column":8}}]},"13":{"line":85,"type":"if","locations":[{"start":{"line":85,"column":10},"end":{"line":85,"column":10}},{"start":{"line":85,"column":10},"end":{"line":85,"column":10}}]}},"code":["(function() {","  var DPLOY, Deploy, Generator, Help, Version, colors,","    __bind = function(fn, me){ return function(){ return fn.apply(me, arguments); }; };","","  colors = require(\"colors\");","","  Deploy = require(\"./deploy\");","","  Generator = require(\"./generator\");","","  Help = require(\"./help\");","","  Version = require(\"./version\");","","  module.exports = DPLOY = (function() {","    DPLOY.prototype.servers = null;","","    DPLOY.prototype.connection = null;","","    DPLOY.prototype.ignoreInclude = false;","","    DPLOY.prototype.catchup = false;","","    /*","    \tDPLOY","    \tIf you set a custom config file for DPLOY","    \tIt will use this config instead of trying to load a dploy.yaml file","    \t","    \t@param \tconfig (optional)\t\tCustom config file of a server to deploy at","    \t@param \tcompleted (optional)\tCallback for when the entire proccess is completed","    */","","","    function DPLOY(config, completed) {","      this.config = config;","      this.completed = completed;","      this.deploy = __bind(this.deploy, this);","      if (this.config) {","        this.servers = [null];","        return this.deploy();","      } else if (process.argv.indexOf(\"install\") >= 0) {","        return new Generator();","      } else if (process.argv.indexOf(\"--help\") >= 0 || process.argv.indexOf(\"-h\") >= 0) {","        return new Help();","      } else if (process.argv.indexOf(\"--version\") >= 0 || process.argv.indexOf(\"-v\") >= 0) {","        return new Version();","      } else {","        this.servers = process.argv.splice(2, process.argv.length);","        this.ignoreInclude = this.servers.indexOf(\"-i\") >= 0 || this.servers.indexOf(\"--ignore-include\") >= 0;","        this.catchup = this.servers.indexOf(\"-c\") >= 0 || this.servers.indexOf(\"--catchup\") >= 0;","        this.servers = this._filterFlags(this.servers, [\"-i\", \"--ignore-include\", \"-c\", \"--catchup\"]);","        if (this.servers.length === 0) {","          this.servers.push(null);","        }","        this.deploy();","      }","    }","","    DPLOY.prototype.deploy = function() {","      var code;","      if (this.connection) {","        this.connection.dispose();","        this.connection = null;","      }","      if (this.servers.length) {","        this.connection = new Deploy(this.config, this.servers[0], this.ignoreInclude, this.catchup);","        this.connection.completed.add(this.deploy);","        this.servers.shift();","      } else {","        console.log(\"All Completed :)\".green.bold);","        if (this.completed) {","          this.completed.call(this);","        } else {","          process.exit(code = 0);","        }","      }","      return this;","    };","","    DPLOY.prototype._filterFlags = function(servers, flags) {","      servers = servers.filter(function(value) {","        var valid;","        valid = true;","        flags.forEach(function(flag) {","          if (flag === value) {","            return valid = false;","          }","        });","        return valid;","      });","      return servers;","    };","","    return DPLOY;","","  })();","","}).call(this);",""],"l":{"1":1,"2":1,"3":0,"5":1,"7":1,"9":1,"11":1,"13":1,"15":1,"16":1,"18":1,"20":1,"22":1,"34":1,"35":0,"36":0,"37":0,"38":0,"39":0,"40":0,"41":0,"42":0,"43":0,"44":0,"45":0,"46":0,"48":0,"49":0,"50":0,"51":0,"52":0,"53":0,"55":0,"59":1,"60":0,"61":0,"62":0,"63":0,"65":0,"66":0,"67":0,"68":0,"70":0,"71":0,"72":0,"74":0,"77":0,"80":1,"81":0,"82":0,"83":0,"84":0,"85":0,"86":0,"89":0,"91":0,"94":1}},"/home/travis/build/npmtest/node-npmtest-dploy/node_modules/dploy/lib/deploy.js":{"path":"/home/travis/build/npmtest/node-npmtest-dploy/node_modules/dploy/lib/deploy.js","s":{"1":1,"2":1,"3":0,"4":0,"5":1,"6":1,"7":1,"8":1,"9":1,"10":1,"11":1,"12":1,"13":1,"14":1,"15":1,"16":1,"17":1,"18":1,"19":1,"20":1,"21":1,"22":1,"23":1,"24":1,"25":1,"26":1,"27":1,"28":1,"29":0,"30":0,"31":0,"32":0,"33":0,"34":0,"35":0,"36":0,"37":0,"38":0,"39":0,"40":0,"41":0,"42":0,"43":0,"44":0,"45":0,"46":0,"47":0,"48":0,"49":0,"50":0,"51":0,"52":0,"53":0,"54":1,"55":0,"56":0,"57":0,"58":0,"59":0,"60":0,"61":0,"62":0,"63":0,"64":0,"65":0,"66":0,"67":0,"68":0,"69":0,"70":0,"71":1,"72":0,"73":0,"74":1,"75":0,"76":0,"77":0,"78":0,"79":0,"80":0,"81":0,"82":0,"83":0,"84":0,"85":0,"86":0,"87":0,"88":0,"89":0,"90":0,"91":0,"92":0,"93":0,"94":0,"95":0,"96":0,"97":0,"98":0,"99":0,"100":0,"101":0,"102":0,"103":0,"104":0,"105":0,"106":0,"107":0,"108":0,"109":1,"110":0,"111":0,"112":0,"113":0,"114":0,"115":0,"116":0,"117":0,"118":0,"119":0,"120":0,"121":0,"122":1,"123":0,"124":0,"125":0,"126":0,"127":0,"128":0,"129":0,"130":0,"131":0,"132":0,"133":0,"134":0,"135":0,"136":0,"137":0,"138":0,"139":0,"140":1,"141":0,"142":0,"143":0,"144":0,"145":0,"146":0,"147":0,"148":1,"149":0,"150":0,"151":0,"152":0,"153":0,"154":0,"155":0,"156":0,"157":0,"158":0,"159":0,"160":0,"161":1,"162":0,"163":0,"164":0,"165":0,"166":0,"167":0,"168":0,"169":0,"170":1,"171":0,"172":0,"173":0,"174":0,"175":0,"176":0,"177":0,"178":0,"179":0,"180":0,"181":0,"182":0,"183":0,"184":0,"185":0,"186":0,"187":0,"188":0,"189":1,"190":0,"191":0,"192":0,"193":0,"194":0,"195":0,"196":0,"197":0,"198":0,"199":0,"200":0,"201":0,"202":0,"203":0,"204":0,"205":0,"206":0,"207":0,"208":0,"209":0,"210":0,"211":0,"212":0,"213":0,"214":0,"215":0,"216":0,"217":0,"218":0,"219":0,"220":0,"221":0,"222":0,"223":0,"224":1,"225":0,"226":0,"227":0,"228":0,"229":0,"230":0,"231":0,"232":0,"233":0,"234":0,"235":0,"236":0,"237":0,"238":0,"239":0,"240":0,"241":0,"242":0,"243":1,"244":0,"245":0,"246":0,"247":0,"248":0,"249":0,"250":0,"251":0,"252":0,"253":0,"254":0,"255":0,"256":0,"257":1,"258":0,"259":0,"260":0,"261":0,"262":0,"263":0,"264":0,"265":0,"266":0,"267":0,"268":0,"269":0,"270":1,"271":0,"272":0,"273":0,"274":0,"275":0,"276":0,"277":0,"278":1,"279":0,"280":0,"281":0,"282":0,"283":0,"284":0,"285":0,"286":0,"287":0,"288":0,"289":0,"290":0,"291":0,"292":0,"293":0,"294":0,"295":0,"296":0,"297":0,"298":0,"299":0,"300":0,"301":1,"302":0,"303":0,"304":0,"305":0,"306":0,"307":0,"308":0,"309":1,"310":0,"311":0,"312":0,"313":0,"314":0,"315":1,"316":0,"317":0,"318":0,"319":0,"320":0,"321":0,"322":0,"323":0,"324":0,"325":0,"326":0,"327":0,"328":0,"329":0,"330":0,"331":0,"332":0,"333":0,"334":0,"335":0,"336":0,"337":0,"338":0,"339":0,"340":0,"341":0,"342":1,"343":0,"344":0,"345":0,"346":0,"347":0,"348":0,"349":0,"350":0,"351":0,"352":0,"353":0,"354":0,"355":0,"356":0,"357":0,"358":0,"359":0,"360":0,"361":1,"362":0,"363":0,"364":0,"365":0,"366":0,"367":0,"368":0,"369":0,"370":0,"371":0,"372":1,"373":0,"374":0,"375":0,"376":0,"377":0,"378":0,"379":0,"380":0,"381":0,"382":1,"383":0,"384":0,"385":0,"386":0,"387":0,"388":0,"389":0,"390":0,"391":0,"392":1,"393":0,"394":0,"395":0,"396":0,"397":0,"398":0,"399":0,"400":0,"401":0,"402":0,"403":0,"404":0,"405":0,"406":0,"407":0,"408":1,"409":0,"410":0,"411":0,"412":0,"413":0,"414":0,"415":0,"416":0,"417":1,"418":0,"419":0,"420":0,"421":0,"422":0,"423":1,"424":0,"425":1,"426":0,"427":1,"428":0,"429":0,"430":0,"431":0,"432":0,"433":1},"b":{"1":[0,0],"2":[0,0],"3":[0,0],"4":[0,0],"5":[0,0],"6":[0,0],"7":[0,0],"8":[0,0],"9":[0,0],"10":[0,0],"11":[0,0],"12":[0,0],"13":[0,0],"14":[0,0],"15":[0,0],"16":[0,0],"17":[0,0],"18":[0,0],"19":[0,0],"20":[0,0],"21":[0,0],"22":[0,0],"23":[0,0],"24":[0,0],"25":[0,0],"26":[0,0,0],"27":[0,0],"28":[0,0],"29":[0,0],"30":[0,0],"31":[0,0],"32":[0,0],"33":[0,0],"34":[0,0],"35":[0,0],"36":[0,0],"37":[0,0],"38":[0,0],"39":[0,0],"40":[0,0],"41":[0,0],"42":[0,0],"43":[0,0],"44":[0,0],"45":[0,0],"46":[0,0],"47":[0,0],"48":[0,0],"49":[0,0],"50":[0,0],"51":[0,0],"52":[0,0],"53":[0,0],"54":[0,0],"55":[0,0],"56":[0,0],"57":[0,0],"58":[0,0],"59":[0,0],"60":[0,0],"61":[0,0],"62":[0,0],"63":[0,0],"64":[0,0],"65":[0,0],"66":[0,0],"67":[0,0],"68":[0,0],"69":[0,0],"70":[0,0],"71":[0,0],"72":[0,0],"73":[0,0],"74":[0,0],"75":[0,0],"76":[0,0],"77":[0,0],"78":[0,0],"79":[0,0],"80":[0,0],"81":[0,0],"82":[0,0],"83":[0,0],"84":[0,0],"85":[0,0],"86":[0,0],"87":[0,0],"88":[0,0],"89":[0,0],"90":[0,0],"91":[0,0],"92":[0,0],"93":[0,0],"94":[0,0,0],"95":[0,0]},"f":{"1":1,"2":0,"3":0,"4":1,"5":0,"6":0,"7":0,"8":0,"9":0,"10":0,"11":0,"12":0,"13":0,"14":0,"15":0,"16":0,"17":0,"18":0,"19":0,"20":0,"21":0,"22":0,"23":0,"24":0,"25":0,"26":0,"27":0,"28":0,"29":0,"30":0,"31":0,"32":0,"33":0,"34":0,"35":0,"36":0,"37":0,"38":0,"39":0,"40":0,"41":0,"42":0,"43":0,"44":0,"45":0,"46":0,"47":0,"48":0,"49":0,"50":0,"51":0},"fnMap":{"1":{"name":"(anonymous_1)","line":1,"loc":{"start":{"line":1,"column":1},"end":{"line":1,"column":12}}},"2":{"name":"(anonymous_2)","line":3,"loc":{"start":{"line":3,"column":13},"end":{"line":3,"column":29}}},"3":{"name":"(anonymous_3)","line":3,"loc":{"start":{"line":3,"column":38},"end":{"line":3,"column":48}}},"4":{"name":"(anonymous_4)","line":23,"loc":{"start":{"line":23,"column":29},"end":{"line":23,"column":40}}},"5":{"name":"Deploy","line":60,"loc":{"start":{"line":60,"column":4},"end":{"line":60,"column":60}}},"6":{"name":"(anonymous_6)","line":95,"loc":{"start":{"line":95,"column":32},"end":{"line":95,"column":43}}},"7":{"name":"(anonymous_7)","line":97,"loc":{"start":{"line":97,"column":39},"end":{"line":97,"column":61}}},"8":{"name":"(anonymous_8)","line":124,"loc":{"start":{"line":124,"column":36},"end":{"line":124,"column":47}}},"9":{"name":"(anonymous_9)","line":134,"loc":{"start":{"line":134,"column":43},"end":{"line":134,"column":54}}},"10":{"name":"(anonymous_10)","line":194,"loc":{"start":{"line":194,"column":37},"end":{"line":194,"column":56}}},"11":{"name":"(anonymous_11)","line":215,"loc":{"start":{"line":215,"column":9},"end":{"line":215,"column":33}}},"12":{"name":"(anonymous_12)","line":226,"loc":{"start":{"line":226,"column":35},"end":{"line":226,"column":46}}},"13":{"name":"(anonymous_13)","line":234,"loc":{"start":{"line":234,"column":53},"end":{"line":234,"column":85}}},"14":{"name":"(anonymous_14)","line":257,"loc":{"start":{"line":257,"column":32},"end":{"line":257,"column":43}}},"15":{"name":"(anonymous_15)","line":260,"loc":{"start":{"line":260,"column":53},"end":{"line":260,"column":85}}},"16":{"name":"(anonymous_16)","line":274,"loc":{"start":{"line":274,"column":35},"end":{"line":274,"column":46}}},"17":{"name":"(anonymous_17)","line":279,"loc":{"start":{"line":279,"column":33},"end":{"line":279,"column":44}}},"18":{"name":"(anonymous_18)","line":284,"loc":{"start":{"line":284,"column":36},"end":{"line":284,"column":47}}},"19":{"name":"(anonymous_19)","line":298,"loc":{"start":{"line":298,"column":44},"end":{"line":298,"column":55}}},"20":{"name":"(anonymous_20)","line":303,"loc":{"start":{"line":303,"column":24},"end":{"line":303,"column":35}}},"21":{"name":"(anonymous_21)","line":316,"loc":{"start":{"line":316,"column":37},"end":{"line":316,"column":48}}},"22":{"name":"(anonymous_22)","line":321,"loc":{"start":{"line":321,"column":45},"end":{"line":321,"column":67}}},"23":{"name":"(anonymous_23)","line":323,"loc":{"start":{"line":323,"column":61},"end":{"line":323,"column":77}}},"24":{"name":"(anonymous_24)","line":336,"loc":{"start":{"line":336,"column":33},"end":{"line":336,"column":45}}},"25":{"name":"(anonymous_25)","line":353,"loc":{"start":{"line":353,"column":33},"end":{"line":353,"column":60}}},"26":{"name":"(anonymous_26)","line":375,"loc":{"start":{"line":375,"column":9},"end":{"line":375,"column":41}}},"27":{"name":"(anonymous_27)","line":423,"loc":{"start":{"line":423,"column":30},"end":{"line":423,"column":41}}},"28":{"name":"(anonymous_28)","line":428,"loc":{"start":{"line":428,"column":9},"end":{"line":428,"column":41}}},"29":{"name":"(anonymous_29)","line":464,"loc":{"start":{"line":464,"column":41},"end":{"line":464,"column":52}}},"30":{"name":"(anonymous_30)","line":497,"loc":{"start":{"line":497,"column":33},"end":{"line":497,"column":48}}},"31":{"name":"(anonymous_31)","line":527,"loc":{"start":{"line":527,"column":33},"end":{"line":527,"column":48}}},"32":{"name":"(anonymous_32)","line":546,"loc":{"start":{"line":546,"column":39},"end":{"line":546,"column":50}}},"33":{"name":"(anonymous_33)","line":577,"loc":{"start":{"line":577,"column":9},"end":{"line":577,"column":33}}},"34":{"name":"(anonymous_34)","line":592,"loc":{"start":{"line":592,"column":36},"end":{"line":592,"column":47}}},"35":{"name":"(anonymous_35)","line":611,"loc":{"start":{"line":611,"column":40},"end":{"line":611,"column":51}}},"36":{"name":"(anonymous_36)","line":627,"loc":{"start":{"line":627,"column":35},"end":{"line":627,"column":56}}},"37":{"name":"(anonymous_37)","line":672,"loc":{"start":{"line":672,"column":41},"end":{"line":672,"column":68}}},"38":{"name":"(anonymous_38)","line":684,"loc":{"start":{"line":684,"column":83},"end":{"line":684,"column":99}}},"39":{"name":"(anonymous_39)","line":712,"loc":{"start":{"line":712,"column":34},"end":{"line":712,"column":61}}},"40":{"name":"(anonymous_40)","line":716,"loc":{"start":{"line":716,"column":55},"end":{"line":716,"column":71}}},"41":{"name":"(anonymous_41)","line":737,"loc":{"start":{"line":737,"column":34},"end":{"line":737,"column":61}}},"42":{"name":"(anonymous_42)","line":742,"loc":{"start":{"line":742,"column":47},"end":{"line":742,"column":63}}},"43":{"name":"(anonymous_43)","line":759,"loc":{"start":{"line":759,"column":42},"end":{"line":759,"column":59}}},"44":{"name":"(anonymous_44)","line":780,"loc":{"start":{"line":780,"column":41},"end":{"line":780,"column":66}}},"45":{"name":"(anonymous_45)","line":791,"loc":{"start":{"line":791,"column":25},"end":{"line":791,"column":36}}},"46":{"name":"(anonymous_46)","line":810,"loc":{"start":{"line":810,"column":31},"end":{"line":810,"column":42}}},"47":{"name":"(anonymous_47)","line":830,"loc":{"start":{"line":830,"column":32},"end":{"line":830,"column":57}}},"48":{"name":"(anonymous_48)","line":832,"loc":{"start":{"line":832,"column":42},"end":{"line":832,"column":56}}},"49":{"name":"(anonymous_49)","line":840,"loc":{"start":{"line":840,"column":34},"end":{"line":840,"column":48}}},"50":{"name":"(anonymous_50)","line":844,"loc":{"start":{"line":844,"column":43},"end":{"line":844,"column":57}}},"51":{"name":"(anonymous_51)","line":848,"loc":{"start":{"line":848,"column":42},"end":{"line":848,"column":56}}}},"statementMap":{"1":{"start":{"line":1,"column":0},"end":{"line":861,"column":14}},"2":{"start":{"line":2,"column":2},"end":{"line":3,"column":87}},"3":{"start":{"line":3,"column":31},"end":{"line":3,"column":84}},"4":{"start":{"line":3,"column":50},"end":{"line":3,"column":81}},"5":{"start":{"line":5,"column":2},"end":{"line":5,"column":29}},"6":{"start":{"line":7,"column":2},"end":{"line":7,"column":25}},"7":{"start":{"line":9,"column":2},"end":{"line":9,"column":21}},"8":{"start":{"line":11,"column":2},"end":{"line":11,"column":27}},"9":{"start":{"line":13,"column":2},"end":{"line":13,"column":30}},"10":{"start":{"line":15,"column":2},"end":{"line":15,"column":34}},"11":{"start":{"line":17,"column":2},"end":{"line":17,"column":35}},"12":{"start":{"line":19,"column":2},"end":{"line":19,"column":29}},"13":{"start":{"line":21,"column":2},"end":{"line":21,"column":39}},"14":{"start":{"line":23,"column":2},"end":{"line":859,"column":7}},"15":{"start":{"line":24,"column":4},"end":{"line":24,"column":35}},"16":{"start":{"line":26,"column":4},"end":{"line":26,"column":42}},"17":{"start":{"line":28,"column":4},"end":{"line":28,"column":39}},"18":{"start":{"line":30,"column":4},"end":{"line":30,"column":40}},"19":{"start":{"line":32,"column":4},"end":{"line":32,"column":39}},"20":{"start":{"line":34,"column":4},"end":{"line":34,"column":41}},"21":{"start":{"line":36,"column":4},"end":{"line":36,"column":40}},"22":{"start":{"line":38,"column":4},"end":{"line":38,"column":43}},"23":{"start":{"line":40,"column":4},"end":{"line":40,"column":37}},"24":{"start":{"line":42,"column":4},"end":{"line":42,"column":37}},"25":{"start":{"line":44,"column":4},"end":{"line":44,"column":39}},"26":{"start":{"line":46,"column":4},"end":{"line":46,"column":40}},"27":{"start":{"line":48,"column":4},"end":{"line":48,"column":38}},"28":{"start":{"line":60,"column":4},"end":{"line":88,"column":5}},"29":{"start":{"line":61,"column":6},"end":{"line":61,"column":27}},"30":{"start":{"line":62,"column":6},"end":{"line":62,"column":27}},"31":{"start":{"line":63,"column":6},"end":{"line":63,"column":73}},"32":{"start":{"line":64,"column":6},"end":{"line":64,"column":55}},"33":{"start":{"line":65,"column":6},"end":{"line":65,"column":50}},"34":{"start":{"line":66,"column":6},"end":{"line":66,"column":48}},"35":{"start":{"line":67,"column":6},"end":{"line":67,"column":68}},"36":{"start":{"line":68,"column":6},"end":{"line":68,"column":70}},"37":{"start":{"line":69,"column":6},"end":{"line":69,"column":54}},"38":{"start":{"line":70,"column":6},"end":{"line":70,"column":54}},"39":{"start":{"line":71,"column":6},"end":{"line":71,"column":68}},"40":{"start":{"line":72,"column":6},"end":{"line":72,"column":52}},"41":{"start":{"line":73,"column":6},"end":{"line":73,"column":52}},"42":{"start":{"line":74,"column":6},"end":{"line":74,"column":36}},"43":{"start":{"line":75,"column":6},"end":{"line":75,"column":28}},"44":{"start":{"line":76,"column":6},"end":{"line":76,"column":30}},"45":{"start":{"line":77,"column":6},"end":{"line":77,"column":25}},"46":{"start":{"line":78,"column":6},"end":{"line":78,"column":25}},"47":{"start":{"line":79,"column":6},"end":{"line":79,"column":27}},"48":{"start":{"line":80,"column":6},"end":{"line":80,"column":31}},"49":{"start":{"line":81,"column":6},"end":{"line":81,"column":32}},"50":{"start":{"line":82,"column":6},"end":{"line":82,"column":28}},"51":{"start":{"line":83,"column":6},"end":{"line":87,"column":7}},"52":{"start":{"line":84,"column":8},"end":{"line":84,"column":28}},"53":{"start":{"line":86,"column":8},"end":{"line":86,"column":24}},"54":{"start":{"line":95,"column":4},"end":{"line":117,"column":6}},"55":{"start":{"line":96,"column":6},"end":{"line":96,"column":23}},"56":{"start":{"line":97,"column":6},"end":{"line":116,"column":9}},"57":{"start":{"line":98,"column":8},"end":{"line":98,"column":28}},"58":{"start":{"line":99,"column":8},"end":{"line":102,"column":9}},"59":{"start":{"line":100,"column":10},"end":{"line":100,"column":95}},"60":{"start":{"line":101,"column":10},"end":{"line":101,"column":33}},"61":{"start":{"line":103,"column":8},"end":{"line":103,"column":43}},"62":{"start":{"line":104,"column":8},"end":{"line":109,"column":9}},"63":{"start":{"line":105,"column":10},"end":{"line":108,"column":11}},"64":{"start":{"line":106,"column":12},"end":{"line":106,"column":31}},"65":{"start":{"line":107,"column":12},"end":{"line":107,"column":18}},"66":{"start":{"line":110,"column":8},"end":{"line":110,"column":42}},"67":{"start":{"line":111,"column":8},"end":{"line":114,"column":9}},"68":{"start":{"line":112,"column":10},"end":{"line":112,"column":117}},"69":{"start":{"line":113,"column":10},"end":{"line":113,"column":33}},"70":{"start":{"line":115,"column":8},"end":{"line":115,"column":36}},"71":{"start":{"line":124,"column":4},"end":{"line":127,"column":6}},"72":{"start":{"line":125,"column":6},"end":{"line":125,"column":33}},"73":{"start":{"line":126,"column":6},"end":{"line":126,"column":50}},"74":{"start":{"line":134,"column":4},"end":{"line":184,"column":6}},"75":{"start":{"line":135,"column":6},"end":{"line":135,"column":109}},"76":{"start":{"line":136,"column":6},"end":{"line":138,"column":7}},"77":{"start":{"line":137,"column":8},"end":{"line":137,"column":39}},"78":{"start":{"line":139,"column":6},"end":{"line":141,"column":7}},"79":{"start":{"line":140,"column":8},"end":{"line":140,"column":29}},"80":{"start":{"line":142,"column":6},"end":{"line":144,"column":7}},"81":{"start":{"line":143,"column":8},"end":{"line":143,"column":63}},"82":{"start":{"line":145,"column":6},"end":{"line":147,"column":7}},"83":{"start":{"line":146,"column":8},"end":{"line":146,"column":30}},"84":{"start":{"line":148,"column":6},"end":{"line":150,"column":7}},"85":{"start":{"line":149,"column":8},"end":{"line":149,"column":34}},"86":{"start":{"line":151,"column":6},"end":{"line":153,"column":7}},"87":{"start":{"line":152,"column":8},"end":{"line":152,"column":25}},"88":{"start":{"line":154,"column":6},"end":{"line":156,"column":7}},"89":{"start":{"line":155,"column":8},"end":{"line":155,"column":33}},"90":{"start":{"line":157,"column":6},"end":{"line":159,"column":7}},"91":{"start":{"line":158,"column":8},"end":{"line":158,"column":25}},"92":{"start":{"line":160,"column":6},"end":{"line":162,"column":7}},"93":{"start":{"line":161,"column":8},"end":{"line":161,"column":26}},"94":{"start":{"line":163,"column":6},"end":{"line":165,"column":7}},"95":{"start":{"line":164,"column":8},"end":{"line":164,"column":27}},"96":{"start":{"line":166,"column":6},"end":{"line":168,"column":7}},"97":{"start":{"line":167,"column":8},"end":{"line":167,"column":28}},"98":{"start":{"line":169,"column":6},"end":{"line":171,"column":7}},"99":{"start":{"line":170,"column":8},"end":{"line":170,"column":29}},"100":{"start":{"line":172,"column":6},"end":{"line":172,"column":43}},"101":{"start":{"line":173,"column":6},"end":{"line":175,"column":7}},"102":{"start":{"line":174,"column":8},"end":{"line":174,"column":36}},"103":{"start":{"line":176,"column":6},"end":{"line":178,"column":7}},"104":{"start":{"line":177,"column":8},"end":{"line":177,"column":83}},"105":{"start":{"line":179,"column":6},"end":{"line":181,"column":7}},"106":{"start":{"line":180,"column":8},"end":{"line":180,"column":85}},"107":{"start":{"line":182,"column":6},"end":{"line":182,"column":120}},"108":{"start":{"line":183,"column":6},"end":{"line":183,"column":18}},"109":{"start":{"line":194,"column":4},"end":{"line":219,"column":6}},"110":{"start":{"line":195,"column":6},"end":{"line":195,"column":23}},"111":{"start":{"line":196,"column":6},"end":{"line":198,"column":7}},"112":{"start":{"line":197,"column":8},"end":{"line":197,"column":35}},"113":{"start":{"line":199,"column":6},"end":{"line":207,"column":7}},"114":{"start":{"line":200,"column":8},"end":{"line":202,
[...]
ymous_4)","line":30,"loc":{"start":{"line":30,"column":28},"end":{"line":30,"column":39}}},"5":{"name":"(anonymous_5)","line":35,"loc":{"start":{"line":35,"column":28},"end":{"line":35,"column":47}}},"6":{"name":"(anonymous_6)","line":42,"loc":{"start":{"line":42,"column":28},"end":{"line":42,"column":39}}},"7":{"name":"(anonymous_7)","line":43,"loc":{"start":{"line":43,"column":31},"end":{"line":43,"column":59}}},"8":{"name":"(anonymous_8)","line":59,"loc":{"start":{"line":59,"column":29},"end":{"line":59,"column":46}}},"9":{"name":"(anonymous_9)","line":76,"loc":{"start":{"line":76,"column":27},"end":{"line":76,"column":46}}},"10":{"name":"(anonymous_10)","line":82,"loc":{"start":{"line":82,"column":26},"end":{"line":82,"column":37}}},"11":{"name":"(anonymous_11)","line":93,"loc":{"start":{"line":93,"column":29},"end":{"line":93,"column":40}}},"12":{"name":"(anonymous_12)","line":116,"loc":{"start":{"line":116,"column":25},"end":{"line":116,"column":50}}},"13":{"name":"(anonymous_13)","line":129,"loc":{"start":{"line":129,"column":28},"end":{"line":129,"column":72}}},"14":{"name":"(anonymous_14)","line":141,"loc":{"start":{"line":141,"column":31},"end":{"line":141,"column":63}}},"15":{"name":"(anonymous_15)","line":151,"loc":{"start":{"line":151,"column":49},"end":{"line":151,"column":65}}},"16":{"name":"(anonymous_16)","line":165,"loc":{"start":{"line":165,"column":30},"end":{"line":165,"column":56}}},"17":{"name":"(anonymous_17)","line":169,"loc":{"start":{"line":169,"column":43},"end":{"line":169,"column":67}}},"18":{"name":"(anonymous_18)","line":173,"loc":{"start":{"line":173,"column":48},"end":{"line":173,"column":70}}},"19":{"name":"(anonymous_19)","line":178,"loc":{"start":{"line":178,"column":48},"end":{"line":178,"column":64}}},"20":{"name":"(anonymous_20)","line":199,"loc":{"start":{"line":199,"column":27},"end":{"line":199,"column":52}}},"21":{"name":"(anonymous_21)","line":217,"loc":{"start":{"line":217,"column":29},"end":{"line":217,"column":55}}},"22":{"name":"(anonymous_22)","line":221,"loc":{"start":{"line":221,"column":43},"end":{"line":221,"column":67}}},"23":{"name":"(anonymous_23)","line":223,"loc":{"start":{"line":223,"column":46},"end":{"line":223,"column":62}}}},"statementMap":{"1":{"start":{"line":1,"column":0},"end":{"line":242,"column":14}},"2":{"start":{"line":2,"column":2},"end":{"line":2,"column":29}},"3":{"start":{"line":4,"column":2},"end":{"line":4,"column":25}},"4":{"start":{"line":6,"column":2},"end":{"line":6,"column":30}},"5":{"start":{"line":8,"column":2},"end":{"line":8,"column":21}},"6":{"start":{"line":10,"column":2},"end":{"line":240,"column":7}},"7":{"start":{"line":11,"column":4},"end":{"line":11,"column":31}},"8":{"start":{"line":13,"column":4},"end":{"line":13,"column":37}},"9":{"start":{"line":15,"column":4},"end":{"line":15,"column":36}},"10":{"start":{"line":17,"column":4},"end":{"line":17,"column":33}},"11":{"start":{"line":19,"column":4},"end":{"line":19,"column":33}},"12":{"start":{"line":21,"column":4},"end":{"line":21,"column":34}},"13":{"start":{"line":23,"column":4},"end":{"line":51,"column":5}},"14":{"start":{"line":24,"column":6},"end":{"line":24,"column":23}},"15":{"start":{"line":25,"column":6},"end":{"line":25,"column":36}},"16":{"start":{"line":26,"column":6},"end":{"line":26,"column":33}},"17":{"start":{"line":27,"column":6},"end":{"line":27,"column":33}},"18":{"start":{"line":28,"column":6},"end":{"line":28,"column":27}},"19":{"start":{"line":29,"column":6},"end":{"line":29,"column":29}},"20":{"start":{"line":30,"column":6},"end":{"line":34,"column":9}},"21":{"start":{"line":31,"column":8},"end":{"line":33,"column":9}},"22":{"start":{"line":32,"column":10},"end":{"line":32,"column":41}},"23":{"start":{"line":35,"column":6},"end":{"line":41,"column":9}},"24":{"start":{"line":36,"column":8},"end":{"line":40,"column":9}},"25":{"start":{"line":37,"column":10},"end":{"line":39,"column":11}},"26":{"start":{"line":38,"column":12},"end":{"line":38,"column":43}},"27":{"start":{"line":42,"column":6},"end":{"line":50,"column":9}},"28":{"start":{"line":43,"column":8},"end":{"line":49,"column":11}},"29":{"start":{"line":44,"column":10},"end":{"line":46,"column":11}},"30":{"start":{"line":45,"column":12},"end":{"line":45,"column":43}},"31":{"start":{"line":47,"column":10},"end":{"line":47,"column":40}},"32":{"start":{"line":48,"column":10},"end":{"line":48,"column":44}},"33":{"start":{"line":59,"column":4},"end":{"line":69,"column":6}},"34":{"start":{"line":60,"column":6},"end":{"line":68,"column":9}},"35":{"start":{"line":76,"column":4},"end":{"line":86,"column":6}},"36":{"start":{"line":77,"column":6},"end":{"line":77,"column":23}},"37":{"start":{"line":78,"column":6},"end":{"line":80,"column":7}},"38":{"start":{"line":79,"column":8},"end":{"line":79,"column":15}},"39":{"start":{"line":81,"column":6},"end":{"line":81,"column":26}},"40":{"start":{"line":82,"column":6},"end":{"line":84,"column":9}},"41":{"start":{"line":83,"column":8},"end":{"line":83,"column":39}},"42":{"start":{"line":85,"column":6},"end":{"line":85,"column":29}},"43":{"start":{"line":93,"column":4},"end":{"line":106,"column":6}},"44":{"start":{"line":94,"column":6},"end":{"line":97,"column":7}},"45":{"start":{"line":95,"column":8},"end":{"line":95,"column":33}},"46":{"start":{"line":96,"column":8},"end":{"line":96,"column":30}},"47":{"start":{"line":98,"column":6},"end":{"line":101,"column":7}},"48":{"start":{"line":99,"column":8},"end":{"line":99,"column":30}},"49":{"start":{"line":100,"column":8},"end":{"line":100,"column":27}},"50":{"start":{"line":102,"column":6},"end":{"line":105,"column":7}},"51":{"start":{"line":103,"column":8},"end":{"line":103,"column":30}},"52":{"start":{"line":104,"column":8},"end":{"line":104,"column":34}},"53":{"start":{"line":116,"column":4},"end":{"line":118,"column":6}},"54":{"start":{"line":117,"column":6},"end":{"line":117,"column":63}},"55":{"start":{"line":129,"column":4},"end":{"line":131,"column":6}},"56":{"start":{"line":130,"column":6},"end":{"line":130,"column":72}},"57":{"start":{"line":141,"column":4},"end":{"line":157,"column":6}},"58":{"start":{"line":142,"column":6},"end":{"line":143,"column":21}},"59":{"start":{"line":144,"column":6},"end":{"line":144,"column":39}},"60":{"start":{"line":145,"column":6},"end":{"line":145,"column":17}},"61":{"start":{"line":146,"column":6},"end":{"line":150,"column":7}},"62":{"start":{"line":147,"column":8},"end":{"line":147,"column":42}},"63":{"start":{"line":148,"column":8},"end":{"line":148,"column":28}},"64":{"start":{"line":149,"column":8},"end":{"line":149,"column":37}},"65":{"start":{"line":151,"column":6},"end":{"line":156,"column":9}},"66":{"start":{"line":152,"column":8},"end":{"line":154,"column":9}},"67":{"start":{"line":153,"column":10},"end":{"line":153,"column":48}},"68":{"start":{"line":155,"column":8},"end":{"line":155,"column":47}},"69":{"start":{"line":165,"column":4},"end":{"line":189,"column":6}},"70":{"start":{"line":166,"column":6},"end":{"line":167,"column":21}},"71":{"start":{"line":168,"column":6},"end":{"line":168,"column":27}},"72":{"start":{"line":169,"column":6},"end":{"line":188,"column":9}},"73":{"start":{"line":170,"column":8},"end":{"line":172,"column":9}},"74":{"start":{"line":171,"column":10},"end":{"line":171,"column":48}},"75":{"start":{"line":173,"column":8},"end":{"line":187,"column":11}},"76":{"start":{"line":174,"column":10},"end":{"line":176,"column":11}},"77":{"start":{"line":175,"column":12},"end":{"line":175,"column":50}},"78":{"start":{"line":177,"column":10},"end":{"line":186,"column":11}},"79":{"start":{"line":178,"column":12},"end":{"line":183,"column":15}},"80":{"start":{"line":179,"column":14},"end":{"line":181,"column":15}},"81":{"start":{"line":180,"column":16},"end":{"line":180,"column":54}},"82":{"start":{"line":182,"column":14},"end":{"line":182,"column":53}},"83":{"start":{"line":185,"column":12},"end":{"line":185,"column":50}},"84":{"start":{"line":199,"column":4},"end":{"line":209,"column":6}},"85":{"start":{"line":200,"column":6},"end":{"line":200,"column":28}},"86":{"start":{"line":201,"column":6},"end":{"line":201,"column":22}},"87":{"start":{"line":202,"column":6},"end":{"line":202,"column":17}},"88":{"start":{"line":203,"column":6},"end":{"line":207,"column":7}},"89":{"start":{"line":204,"column":8},"end":{"line":204,"column":35}},"90":{"start":{"line":205,"column":8},"end":{"line":205,"column":28}},"91":{"start":{"line":206,"column":8},"end":{"line":206,"column":37}},"92":{"start":{"line":208,"column":6},"end":{"line":208,"column":43}},"93":{"start":{"line":217,"column":4},"end":{"line":236,"column":6}},"94":{"start":{"line":218,"column":6},"end":{"line":219,"column":21}},"95":{"start":{"line":220,"column":6},"end":{"line":220,"column":25}},"96":{"start":{"line":221,"column":6},"end":{"line":235,"column":9}},"97":{"start":{"line":222,"column":8},"end":{"line":234,"column":9}},"98":{"start":{"line":223,"column":10},"end":{"line":228,"column":13}},"99":{"start":{"line":224,"column":12},"end":{"line":226,"column":13}},"100":{"start":{"line":225,"column":14},"end":{"line":225,"column":52}},"101":{"start":{"line":227,"column":12},"end":{"line":227,"column":50}},"102":{"start":{"line":230,"column":10},"end":{"line":232,"column":11}},"103":{"start":{"line":231,"column":12},"end":{"line":231,"column":51}},"104":{"start":{"line":233,"column":10},"end":{"line":233,"column":48}},"105":{"start":{"line":238,"column":4},"end":{"line":238,"column":16}}},"branchMap":{"1":{"line":31,"type":"if","locations":[{"start":{"line":31,"column":8},"end":{"line":31,"column":8}},{"start":{"line":31,"column":8},"end":{"line":31,"column":8}}]},"2":{"line":36,"type":"if","locations":[{"start":{"line":36,"column":8},"end":{"line":36,"column":8}},{"start":{"line":36,"column":8},"end":{"line":36,"column":8}}]},"3":{"line":37,"type":"if","locations":[{"start":{"line":37,"column":10},"end":{"line":37,"column":10}},{"start":{"line":37,"column":10},"end":{"line":37,"column":10}}]},"4":{"line":44,"type":"if","locations":[{"start":{"line":44,"column":10},"end":{"line":44,"column":10}},{"start":{"line":44,"column":10},"end":{"line":44,"column":10}}]},"5":{"line":78,"type":"if","locations":[{"start":{"line":78,"column":6},"end":{"line":78,"column":6}},{"start":{"line":78,"column":6},"end":{"line":78,"column":6}}]},"6":{"line":94,"type":"if","locations":[{"start":{"line":94,"column":6},"end":{"line":94,"column":6}},{"start":{"line":94,"column":6},"end":{"line":94,"column":6}}]},"7":{"line":98,"type":"if","locations":[{"start":{"line":98,"column":6},"end":{"line":98,"column":6}},{"start":{"line":98,"column":6},"end":{"line":98,"column":6}}]},"8":{"line":102,"type":"if","locations":[{"start":{"line":102,"column":6},"end":{"line":102,"column":6}},{"start":{"line":102,"column":6},"end":{"line":102,"column":6}}]},"9":{"line":152,"type":"if","locations":[{"start":{"line":152,"column":8},"end":{"line":152,"column":8}},{"start":{"line":152,"column":8},"end":{"line":152,"column":8}}]},"10":{"line":170,"type":"if","locations":[{"start":{"line":170,"column":8},"end":{"line":170,"column":8}},{"start":{"line":170,"column":8},"end":{"line":170,"column":8}}]},"11":{"line":174,"type":"if","locations":[{"start":{"line":174,"column":10},"end":{"line":174,"column":10}},{"start":{"line":174,"column":10},"end":{"line":174,"column":10}}]},"12":{"line":174,"type":"binary-expr","locations":[{"start":{"line":174,"column":14},"end":{"line":174,"column":19}},{"start":{"line":174,"column":23},"end":{"line":174,"column":41}}]},"13":{"line":177,"type":"if","locations":[{"start":{"line":177,"column":10},"end":{"line":177,"column":10}},{"start":{"line":177,"column":10},"end":{"line":177,"column":10}}]},"14":{"line":179,"type":"if","locations":[{"start":{"line":179,"column":14},"end":{"line":179,"column":14}},{"start":{"line":179,"column":14},"end":{"line":179,"column":14}}]},"15":{"line":179,"type":"binary-expr","locations":[{"start":{"line":179,"column":18},"end":{"line":179,"column":23}},{"start":{"line":179,"column":27},"end":{"line":179,"column":45}}]},"16":{"line":222,"type":"if","locations":[{"start":{"line":222,"column":8},"end":{"line":222,"column":8}},{"start":{"line":222,"column":8},"end":{"line":222,"column":8}}]},"17":{"line":224,"type":"if","locations":[{"start":{"line":224,"column":12},"end":{"line":224,"column":12}},{"start":{"line":224,"column":12},"end":{"line":224,"column":12}}]},"18":{"line":224,"type":"binary-expr","locations":[{"start":{"line":224,"column":16},"end":{"line":224,"column":21}},{"start":{"line":224,"column":25},"end":{"line":224,"column":43}}]},"19":{"line":230,"type":"if","locations":[{"start":{"line":230,"column":10},"end":{"line":230,"column":10}},{"start":{"line":230,"column":10},"end":{"line":230,"column":10}}]}},"code":["(function() {","  var SFTP, Signal, fs, ssh2;","","  ssh2 = require(\"ssh2\");","","  Signal = require(\"signals\");","","  fs = require(\"fs\");","","  module.exports = SFTP = (function() {","    SFTP.prototype.sftp = null;","","    SFTP.prototype.connection = null;","","    SFTP.prototype.connected = null;","","    SFTP.prototype.failed = null;","","    SFTP.prototype.closed = null;","","    SFTP.prototype.closing = null;","","    function SFTP() {","      var _this = this;","      this.connected = new Signal();","      this.failed = new Signal();","      this.closed = new Signal();","      this.closing = false;","      this.sftp = new ssh2();","      this.sftp.on(\"error\", function() {","        if (!_this.closing) {","          return _this.failed.dispatch();","        }","      });","      this.sftp.on(\"close\", function(hadError) {","        if (_this.hadError) {","          if (!_this.closing) {","            return _this.failed.dispatch();","          }","        }","      });","      this.sftp.on(\"ready\", function() {","        return _this.sftp.sftp(function(error, connection) {","          if (error) {","            return _this.failed.dispatch();","          }","          _this.connection = connection;","          return _this.connected.dispatch();","        });","      });","    }","","    /*","    \tConnect to the FTP","    \t@param config <object> Configuration file for your connection","    */","","","    SFTP.prototype.connect = function(config) {","      return this.sftp.connect({","        host: config.host,","        port: config.port,","        username: config.user,","        password: config.pass,","        privateKey: config.privateKey,","        publicKey: config.publicKey,","        passphrase: config.passphrase","      });","    };","","    /*","    \tClose the connection","    */","","","    SFTP.prototype.close = function(callback) {","      var _this = this;","      if (this.closing) {","        return;","      }","      this.closing = true;","      this.sftp.on(\"end\", function() {","        return _this.closed.dispatch();","      });","      return this.sftp.end();","    };","","    /*","    \tDispose","    */","","","    SFTP.prototype.dispose = function() {","      if (this.connected) {","        this.connected.dispose();","        this.connected = null;","      }","      if (this.failed) {","        this.failed.dispose();","        this.failed = null;","      }","      if (this.closed) {","        this.closed.dispose();","        return this.closed = null;","      }","    };","","    /*","    \tRetrieve a file on the server","    ","    \t@param path: <string> The path of your file","    \t@param callback: <function> Callback method","    */","","","    SFTP.prototype.get = function(path, callback) {","      return this.connection.readFile(path, \"utf-8\", callback);","    };","","    /*","    \tUpload a file to the server","    ","    \t@param local_path: <string> The local path of your file","    \t@param remote_path: <string> The remote path where you want your file to be uploaded at","    \t@param callback: <function> Callback method","    */","","","    SFTP.prototype.upload = function(local_path, remote_path, callback) {","      return this.connection.fastPut(local_path, remote_path, callback);","    };","","    /*","    \tDelete a file from the server","    ","    \t@param remote_path: <string> The remote path you want to delete","    \t@param callback: <function> Callback method","    */","","","    SFTP.prototype[\"delete\"] = function(remote_path, callback) {","      var content, i, paths,","        _this = this;","      i = remote_path.lastIndexOf(\"/\");","      paths = [];","      while (i > 0) {","        content = remote_path.slice(0, i);","        paths.push(content);","        i = content.lastIndexOf(\"/\");","      }","      return this.connection.unlink(remote_path, function(error) {","        if (error) {","          return callback.apply(_this, [error]);","        }","        return _this._rdelete(paths, callback);","      });","    };","","    /*","    \t@private","    \tDelete directories recursively","    */","","","    SFTP.prototype._rdelete = function(paths, callback) {","      var path,","        _this = this;","      path = paths.shift();","      return this.connection.opendir(path, function(error, handle) {","        if (error) {","          return callback.apply(_this, [error]);","        }","        return _this.connection.readdir(handle, function(error, list) {","          if (error || paths.length === 0) {","            return callback.apply(_this, [error]);","          }","          if (list.length <= 2) {","            return _this.connection.rmdir(path, function(error) {","              if (error || paths.length === 0) {","                return callback.apply(_this, [error]);","              }","              return _this._rdelete(paths, callback);","            });","          } else {","            return callback.apply(_this, [error]);","          }","        });","      });","    };","","    /*","    \tCreate a directory","    ","    \t@param path: <string> The path of the directory you want to create","    \t@param callback: <function> Callback method","    */","","","    SFTP.prototype.mkdir = function(path, callback) {","      var content, i, paths;","      i = path.length;","      paths = [];","      while (i > 0) {","        content = path.slice(0, i);","        paths.push(content);","        i = content.lastIndexOf(\"/\");","      }","      return this._rmkdir(paths, callback);","    };","","    /*","    \t@private","    \tCreate directories recursively","    */","","","    SFTP.prototype._rmkdir = function(paths, callback) {","      var path,","        _this = this;","      path = paths.pop();","      return this.connection.opendir(path, function(error, handle) {","        if (error) {","          return _this.connection.mkdir(path, function(error) {","            if (error || paths.length === 0) {","              return callback.apply(_this, [error]);","            }","            return _this._rmkdir(paths, callback);","          });","        } else {","          if (paths.length === 0) {","            return callback.apply(_this, [void 0]);","          }","          return _this._rmkdir(paths, callback);","        }","      });","    };","","    return SFTP;","","  })();","","}).call(this);",""],"l":{"1":1,"2":1,"4":1,"6":1,"8":1,"10":1,"11":1,"13":1,"15":1,"17":1,"19":1,"21":1,"23":1,"24":0,"25":0,"26":0,"27":0,"28":0,"29":0,"30":0,"31":0,"32":0,"35":0,"36":0,"37":0,"38":0,"42":0,"43":0,"44":0,"45":0,"47":0,"48":0,"59":1,"60":0,"76":1,"77":0,"78":0,"79":0,"81":0,"82":0,"83":0,"85":0,"93":1,"94":0,"95":0,"96":0,"98":0,"99":0,"100":0,"102":0,"103":0,"104":0,"116":1,"117":0,"129":1,"130":0,"141":1,"142":0,"144":0,"145":0,"146":0,"147":0,"148":0,"149":0,"151":0,"152":0,"153":0,"155":0,"165":1,"166":0,"168":0,"169":0,"170":0,"171":0,"173":0,"174":0,"175":0,"177":0,"178":0,"179":0,"180":0,"182":0,"185":0,"199":1,"200":0,"201":0,"202":0,"203":0,"204":0,"205":0,"206":0,"208":0,"217":1,"218":0,"220":0,"221":0,"222":0,"223":0,"224":0,"225":0,"227":0,"230":0,"231":0,"233":0,"238":1}}}